  number of bodies, n =           64
  number of processes =            1
  maximum order of Maclaurin expansion, mo =           28
  Process            0  gets           64  bodies: from            1          64
  time-like interval [tmin,tmax] =    0.0000000000000000       0.50000000000000000     
  print interval, dtout =   -2.5000000000000001E-002
  absolute error limit on velocities, EV =    2.2204460492503131E-015
  diagnostics trigger, Diagnostics =  F
  number of bodies, n =           64
  number of processes =            1
  maximum order of Maclaurin expansion, mo =           28
  Process            0  gets           64  bodies: from            1          64
  time-like interval [tmin,tmax] =    0.0000000000000000       0.50000000000000000     
  print interval, dtout =   -2.5000000000000001E-002
  absolute error limit on velocities, EV =    2.2204460492503131E-015
  diagnostics trigger, Diagnostics =  F
  number of bodies, n =           64
  number of processes =            1
  maximum order of Maclaurin expansion, mo =           28
  Process            0  gets           64  bodies: from            1          64
  time-like interval [tmin,tmax] =    0.0000000000000000       0.50000000000000000     
  print interval, dtout =   -2.5000000000000001E-002
  absolute error limit on velocities, EV =    2.2204460492503131E-015
  diagnostics trigger, Diagnostics =  F
     1    19 0.16038842376628E-01 0.16038842376628E-01
  number of bodies, n =           64
  number of processes =            1
  maximum order of Maclaurin expansion, mo =           28
  Process            0  gets           64  bodies: from            1          64
  time-like interval [tmin,tmax] =    0.0000000000000000       0.50000000000000000     
  print interval, dtout =   -2.5000000000000001E-002
  absolute error limit on velocities, EV =    2.2204460492503131E-015
  diagnostics trigger, Diagnostics =  F
     1    19 0.16038842376628E-01 0.16038842376628E-01
  number of bodies, n =           64
  number of processes =            1
  maximum order of Maclaurin expansion, mo =           28
  Process            0  gets           64  bodies: from            1          64
  time-like interval [tmin,tmax] =    0.0000000000000000       0.50000000000000000     
  print interval, dtout =   -2.5000000000000001E-002
  absolute error limit on velocities, EV =    2.2204460492503131E-015
  diagnostics trigger, Diagnostics =  F
  number of bodies, n =           64
  number of processes =            1
  maximum order of Maclaurin expansion, mo =           28
  Process            0  gets           64  bodies: from            1          64
  time-like interval [tmin,tmax] =    0.0000000000000000       0.50000000000000000     
  print interval, dtout =   -2.5000000000000001E-002
  absolute error limit on velocities, EV =    2.2204460492503131E-015
  diagnostics trigger, Diagnostics =  F
     2    19 0.16488685789508E-01 0.32527528166136E-01
  number of bodies, n =           64
  number of processes =            1
  maximum order of Maclaurin expansion, mo =           28
  Process            0  gets           64  bodies: from            1          64
  number of bodies, n =           64
  number of processes =            1
  maximum order of Maclaurin expansion, mo =           28
  Process            0  gets           64  bodies: from            1          64
  time-like interval [tmin,tmax] =    0.0000000000000000       0.50000000000000000     
  print interval, dtout =   -2.5000000000000001E-002
  absolute error limit on velocities, EV =    2.2204460492503131E-015
  diagnostics trigger, Diagnostics =  F
  time-like interval [tmin,tmax] =    0.0000000000000000       0.50000000000000000     
  print interval, dtout =   -2.5000000000000001E-002
  absolute error limit on velocities, EV =    2.2204460492503131E-015
  diagnostics trigger, Diagnostics =  F
     1    19 0.16038842376628E-01 0.16038842376628E-01
     1    19 0.16038842376628E-01 0.16038842376628E-01
     2    19 0.16488685789508E-01 0.32527528166136E-01
     3    19 0.14978477259463E-01 0.47506005425599E-01
     1    19 0.16038842376628E-01 0.16038842376628E-01
     1    19 0.16038842376628E-01 0.16038842376628E-01
     2    19 0.16488685789508E-01 0.32527528166136E-01
     2    19 0.16488685789508E-01 0.32527528166136E-01
     4    19 0.14016636208518E-01 0.61522641634118E-01
     3    19 0.14978477259463E-01 0.47506005425599E-01
     1    19 0.16038842376628E-01 0.16038842376628E-01
     2    19 0.16488685789508E-01 0.32527528166136E-01
     1    19 0.16038842376628E-01 0.16038842376628E-01
     3    19 0.14978477259463E-01 0.47506005425599E-01
     3    19 0.14978477259463E-01 0.47506005425599E-01
     2    19 0.16488685789508E-01 0.32527528166136E-01
     5    19 0.13537805996071E-01 0.75060447630189E-01
     3    19 0.14978477259463E-01 0.47506005425599E-01
     4    19 0.14016636208518E-01 0.61522641634118E-01
     4    19 0.14016636208518E-01 0.61522641634118E-01
     4    19 0.14016636208518E-01 0.61522641634118E-01
     6    19 0.13500141548252E-01 0.88560589178441E-01
     3    19 0.14978477259463E-01 0.47506005425599E-01
     4    19 0.14016636208518E-01 0.61522641634118E-01
     5    19 0.13537805996071E-01 0.75060447630189E-01
     2    19 0.16488685789508E-01 0.32527528166136E-01
     2    19 0.16488685789508E-01 0.32527528166136E-01
     5    19 0.13537805996071E-01 0.75060447630189E-01
     7    19 0.13881399642757E-01 0.10244198882120    
     5    19 0.13537805996071E-01 0.75060447630189E-01
     4    19 0.14016636208518E-01 0.61522641634118E-01
     5    19 0.13537805996071E-01 0.75060447630189E-01
     3    19 0.14978477259463E-01 0.47506005425599E-01
     6    19 0.13500141548252E-01 0.88560589178441E-01
     8    19 0.14677926283015E-01 0.11711991510421    
     6    19 0.13500141548252E-01 0.88560589178441E-01
     6    19 0.13500141548252E-01 0.88560589178441E-01
     5    19 0.13537805996071E-01 0.75060447630189E-01
     7    19 0.13881399642757E-01 0.10244198882120    
     9    19 0.15907419596696E-01 0.13302733470091    
     4    19 0.14016636208518E-01 0.61522641634118E-01
     3    19 0.14978477259463E-01 0.47506005425599E-01
     6    19 0.13500141548252E-01 0.88560589178441E-01
     7    19 0.13881399642757E-01 0.10244198882120    
     7    19 0.13881399642757E-01 0.10244198882120    
     6    19 0.13500141548252E-01 0.88560589178441E-01
    10    19 0.16948611349099E-01 0.14997594605001    
     8    19 0.14677926283015E-01 0.11711991510421    
     5    19 0.13537805996071E-01 0.75060447630189E-01
     8    19 0.14677926283015E-01 0.11711991510421    
     8    19 0.14677926283015E-01 0.11711991510421    
    11    19 0.14621998521558E-01 0.16459794457157    
     9    19 0.15907419596696E-01 0.13302733470091    
     7    19 0.13881399642757E-01 0.10244198882120    
     6    19 0.13500141548252E-01 0.88560589178441E-01
     4    19 0.14016636208518E-01 0.61522641634118E-01
     9    19 0.15907419596696E-01 0.13302733470091    
     7    19 0.13881399642757E-01 0.10244198882120    
    12    20 0.14071148282758E-01 0.17866909285432    
     9    19 0.15907419596696E-01 0.13302733470091    
    10    19 0.16948611349099E-01 0.14997594605001    
     8    19 0.14677926283015E-01 0.11711991510421    
     7    19 0.13881399642757E-01 0.10244198882120    
    10    19 0.16948611349099E-01 0.14997594605001    
    13    20 0.12582933244230E-01 0.19125202609855    
    11    19 0.14621998521558E-01 0.16459794457157    
    10    19 0.16948611349099E-01 0.14997594605001    
     5    19 0.13537805996071E-01 0.75060447630189E-01
     9    19 0.15907419596696E-01 0.13302733470091    
     8    19 0.14677926283015E-01 0.11711991510421    
    11    19 0.14621998521558E-01 0.16459794457157    
    14    20 0.11640170954986E-01 0.20289219705354    
     8    19 0.14677926283015E-01 0.11711991510421    
    12    20 0.14071148282758E-01 0.17866909285432    
    11    19 0.14621998521558E-01 0.16459794457157    
     9    19 0.15907419596696E-01 0.13302733470091    
    12    20 0.14071148282758E-01 0.17866909285432    
    10    19 0.16948611349099E-01 0.14997594605001    
    15    19 0.10203716328066E-01 0.21309591338161    
    13    20 0.12582933244230E-01 0.19125202609855    
     6    19 0.13500141548252E-01 0.88560589178441E-01
    12    20 0.14071148282758E-01 0.17866909285432    
    10    19 0.16948611349099E-01 0.14997594605001    
    13    20 0.12582933244230E-01 0.19125202609855    
    16    19 0.10140223756507E-01 0.22323613713811    
    11    19 0.14621998521558E-01 0.16459794457157    
     9    19 0.15907419596696E-01 0.13302733470091    
    14    20 0.11640170954986E-01 0.20289219705354    
    17    19 0.10378840469979E-01 0.23361497760809    
    11    19 0.14621998521558E-01 0.16459794457157    
    14    20 0.11640170954986E-01 0.20289219705354    
    13    20 0.12582933244230E-01 0.19125202609855    
    12    20 0.14071148282758E-01 0.17866909285432    
     7    19 0.13881399642757E-01 0.10244198882120    
    15    19 0.10203716328066E-01 0.21309591338161    
    18    19 0.10917158042752E-01 0.24453213565085    
    10    19 0.16948611349099E-01 0.14997594605001    
    15    19 0.10203716328066E-01 0.21309591338161    
    12    20 0.14071148282758E-01 0.17866909285432    
     8    19 0.14677926283015E-01 0.11711991510421    
    14    20 0.11640170954986E-01 0.20289219705354    
    16    19 0.10140223756507E-01 0.22323613713811    
    19    19 0.11767600989564E-01 0.25629973664041    
    13    20 0.12582933244230E-01 0.19125202609855    
    16    19 0.10140223756507E-01 0.22323613713811    
    11    19 0.14621998521558E-01 0.16459794457157    
     9    19 0.15907419596696E-01 0.13302733470091    
    13    20 0.12582933244230E-01 0.19125202609855    
    17    19 0.10378840469979E-01 0.23361497760809    
    15    19 0.10203716328066E-01 0.21309591338161    
    20    20 0.14176518645311E-01 0.27047625528572    
    17    19 0.10378840469979E-01 0.23361497760809    
    14    20 0.11640170954986E-01 0.20289219705354    
    10    19 0.16948611349099E-01 0.14997594605001    
    12    20 0.14071148282758E-01 0.17866909285432    
    18    19 0.10917158042752E-01 0.24453213565085    
    21    19 0.14368334058079E-01 0.28484458934380    
    14    20 0.11640170954986E-01 0.20289219705354    
    16    19 0.10140223756507E-01 0.22323613713811    
    18    19 0.10917158042752E-01 0.24453213565085    
    11    19 0.14621998521558E-01 0.16459794457157    
    15    19 0.10203716328066E-01 0.21309591338161    
    19    19 0.11767600989564E-01 0.25629973664041    
    22    19 0.11739566730325E-01 0.29658415607412    
    13    20 0.12582933244230E-01 0.19125202609855    
    15    19 0.10203716328066E-01 0.21309591338161    
    19    19 0.11767600989564E-01 0.25629973664041    
    17    19 0.10378840469979E-01 0.23361497760809    
    12    20 0.14071148282758E-01 0.17866909285432    
    16    19 0.10140223756507E-01 0.22323613713811    
    23    19 0.95624002715574E-02 0.30614655634568    
    20    20 0.14176518645311E-01 0.27047625528572    
    16    19 0.10140223756507E-01 0.22323613713811    
    20    20 0.14176518645311E-01 0.27047625528572    
    14    20 0.11640170954986E-01 0.20289219705354    
    18    19 0.10917158042752E-01 0.24453213565085    
    24    19 0.78711402937820E-02 0.31401769663946    
    13    20 0.12582933244230E-01 0.19125202609855    
    21    19 0.14368334058079E-01 0.28484458934380    
    17    19 0.10378840469979E-01 0.23361497760809    
    17    19 0.10378840469979E-01 0.23361497760809    
    21    19 0.14368334058079E-01 0.28484458934380    
    15    19 0.10203716328066E-01 0.21309591338161    
    19    19 0.11767600989564E-01 0.25629973664041    
    25    20 0.71499651978453E-02 0.32116766183731    
    14    20 0.11640170954986E-01 0.20289219705354    
    22    19 0.11739566730325E-01 0.29658415607412    
    18    19 0.10917158042752E-01 0.24453213565085    
    22    19 0.11739566730325E-01 0.29658415607412    
    18    19 0.10917158042752E-01 0.24453213565085    
    16    19 0.10140223756507E-01 0.22323613713811    
    26    19 0.53157338579793E-02 0.32648339569529    
    15    19 0.10203716328066E-01 0.21309591338161    
    23    19 0.95624002715574E-02 0.30614655634568    
    20    20 0.14176518645311E-01 0.27047625528572    
    19    19 0.11767600989564E-01 0.25629973664041    
    23    19 0.95624002715574E-02 0.30614655634568    
    19    19 0.11767600989564E-01 0.25629973664041    
    16    19 0.10140223756507E-01 0.22323613713811    
    24    19 0.78711402937820E-02 0.31401769663946    
    21    19 0.14368334058079E-01 0.28484458934380    
    24    19 0.78711402937820E-02 0.31401769663946    
    20    20 0.14176518645311E-01 0.27047625528572    
    20    20 0.14176518645311E-01 0.27047625528572    
    17    19 0.10378840469979E-01 0.23361497760809    
    27    20 0.49083382080730E-02 0.33139173390336    
    17    19 0.10378840469979E-01 0.23361497760809    
    25    20 0.71499651978453E-02 0.32116766183731    
    22    19 0.11739566730325E-01 0.29658415607412    
    25    20 0.71499651978453E-02 0.32116766183731    
    18    19 0.10917158042752E-01 0.24453213565085    
    21    19 0.14368334058079E-01 0.28484458934380    
    21    19 0.14368334058079E-01 0.28484458934380    
    26    19 0.53157338579793E-02 0.32648339569529    
    23    19 0.95624002715574E-02 0.30614655634568    
    26    19 0.53157338579793E-02 0.32648339569529    
    19    19 0.11767600989564E-01 0.25629973664041    
    22    19 0.11739566730325E-01 0.29658415607412    
    28    20 0.40835573725574E-02 0.33547529127592    
    22    19 0.11739566730325E-01 0.29658415607412    
    27    20 0.49083382080730E-02 0.33139173390336    
    18    19 0.10917158042752E-01 0.24453213565085    
    24    19 0.78711402937820E-02 0.31401769663946    
    27    20 0.49083382080730E-02 0.33139173390336    
    20    20 0.14176518645311E-01 0.27047625528572    
    23    19 0.95624002715574E-02 0.30614655634568    
    23    19 0.95624002715574E-02 0.30614655634568    
    28    20 0.40835573725574E-02 0.33547529127592    
    19    19 0.11767600989564E-01 0.25629973664041    
    21    19 0.14368334058079E-01 0.28484458934380    
    25    20 0.71499651978453E-02 0.32116766183731    
    29    20 0.34526921174132E-02 0.33892798339333    
    24    19 0.78711402937820E-02 0.31401769663946    
    24    19 0.78711402937820E-02 0.31401769663946    
    28    20 0.40835573725574E-02 0.33547529127592    
    29    20 0.34526921174132E-02 0.33892798339333    
    22    19 0.11739566730325E-01 0.29658415607412    
    20    20 0.14176518645311E-01 0.27047625528572    
    25    20 0.71499651978453E-02 0.32116766183731    
    29    20 0.34526921174132E-02 0.33892798339333    
    30    20 0.29711679328856E-02 0.34189915132622    
    23    19 0.95624002715574E-02 0.30614655634568    
    25    20 0.71499651978453E-02 0.32116766183731    
    21    19 0.14368334058079E-01 0.28484458934380    
    26    19 0.53157338579793E-02 0.32648339569529    
    30    20 0.29711679328856E-02 0.34189915132622    
    26    19 0.53157338579793E-02 0.32648339569529    
    30    20 0.29711679328856E-02 0.34189915132622    
    24    19 0.78711402937820E-02 0.31401769663946    
    31    20 0.26073018692398E-02 0.34450645319546    
    26    19 0.53157338579793E-02 0.32648339569529    
    22    19 0.11739566730325E-01 0.29658415607412    
    27    20 0.49083382080730E-02 0.33139173390336    
    31    20 0.26073018692398E-02 0.34450645319546    
    25    20 0.71499651978453E-02 0.32116766183731    
    32    20 0.23428788581471E-02 0.34684933205360    
    31    20 0.26073018692398E-02 0.34450645319546    
    23    19 0.95624002715574E-02 0.30614655634568    
    27    20 0.49083382080730E-02 0.33139173390336    
    27    20 0.49083382080730E-02 0.33139173390336    
    26    19 0.53157338579793E-02 0.32648339569529    
    32    20 0.23428788581471E-02 0.34684933205360    
    28    20 0.40835573725574E-02 0.33547529127592    
    33    20 0.21630286965702E-02 0.34901236075017    
    24    19 0.78711402937820E-02 0.31401769663946    
    28    20 0.40835573725574E-02 0.33547529127592    
    27    20 0.49083382080730E-02 0.33139173390336    
    33    20 0.21630286965702E-02 0.34901236075017    
    29    20 0.34526921174132E-02 0.33892798339333    
    34    20 0.20563303114614E-02 0.35106869106164    
    32    20 0.23428788581471E-02 0.34684933205360    
    25    20 0.71499651978453E-02 0.32116766183731    
    28    20 0.40835573725574E-02 0.33547529127592    
    29    20 0.34526921174132E-02 0.33892798339333    
    34    20 0.20563303114614E-02 0.35106869106164    
    28    20 0.40835573725574E-02 0.33547529127592    
    35    20 0.20151996554385E-02 0.35308389071707    
    30    20 0.29711679328856E-02 0.34189915132622    
    26    19 0.53157338579793E-02 0.32648339569529    
    29    20 0.34526921174132E-02 0.33892798339333    
    35    20 0.20151996554385E-02 0.35308389071707    
    33    20 0.21630286965702E-02 0.34901236075017    
    30    20 0.29711679328856E-02 0.34189915132622    
    36    20 0.20353407852307E-02 0.35511923150230    
    31    20 0.26073018692398E-02 0.34450645319546    
    30    20 0.29711679328856E-02 0.34189915132622    
    27    20 0.49083382080730E-02 0.33139173390336    
    36    20 0.20353407852307E-02 0.35511923150230    
    37    20 0.21149319802829E-02 0.35723416348259    
    29    20 0.34526921174132E-02 0.33892798339333    
    31    20 0.26073018692398E-02 0.34450645319546    
    32    20 0.23428788581471E-02 0.34684933205360    
    31    20 0.26073018692398E-02 0.34450645319546    
    34    20 0.20563303114614E-02 0.35106869106164    
    37    20 0.21149319802829E-02 0.35723416348259    
    28    20 0.40835573725574E-02 0.33547529127592    
    38    20 0.22545432071779E-02 0.35948870668977    
    32    20 0.23428788581471E-02 0.34684933205360    
    32    20 0.23428788581471E-02 0.34684933205360    
    33    20 0.21630286965702E-02 0.34901236075017    
    38    20 0.22545432071779E-02 0.35948870668977    
    29    20 0.34526921174132E-02 0.33892798339333    
    39    20 0.24576043204847E-02 0.36194631101025    
    30    20 0.29711679328856E-02 0.34189915132622    
    33    20 0.21630286965702E-02 0.34901236075017    
    35    20 0.20151996554385E-02 0.35308389071707    
    34    20 0.20563303114614E-02 0.35106869106164    
    33    20 0.21630286965702E-02 0.34901236075017    
    39    20 0.24576043204847E-02 0.36194631101025    
    40    20 0.27312110040625E-02 0.36467752201431    
    30    20 0.29711679328856E-02 0.34189915132622    
    34    20 0.20563303114614E-02 0.35106869106164    
    40    20 0.27312110040625E-02 0.36467752201431    
    35    20 0.20151996554385E-02 0.35308389071707    
    34    20 0.20563303114614E-02 0.35106869106164    
    41    20 0.30852242538689E-02 0.36776274626818    
    35    20 0.20151996554385E-02 0.35308389071707    
    31    20 0.26073018692398E-02 0.34450645319546    
    36    20 0.20353407852307E-02 0.35511923150230    
    31    20 0.26073018692398E-02 0.34450645319546    
    41    20 0.30852242538689E-02 0.36776274626818    
    36    20 0.20353407852307E-02 0.35511923150230    
    42    20 0.35251316704722E-02 0.37128787793865    
    35    20 0.20151996554385E-02 0.35308389071707    
    36    20 0.20353407852307E-02 0.35511923150230    
    32    20 0.23428788581471E-02 0.34684933205360    
    42    20 0.35251316704722E-02 0.37128787793865    
    37    20 0.21149319802829E-02 0.35723416348259    
    43    20 0.40706098989518E-02 0.37535848783761    
    37    20 0.21149319802829E-02 0.35723416348259    
    37    20 0.21149319802829E-02 0.35723416348259    
    36    20 0.20353407852307E-02 0.35511923150230    
    32    20 0.23428788581471E-02 0.34684933205360    
    43    20 0.40706098989518E-02 0.37535848783761    
    33    20 0.21630286965702E-02 0.34901236075017    
    44    20 0.47497493322261E-02 0.38010823716983    
    38    20 0.22545432071779E-02 0.35948870668977    
    38    20 0.22545432071779E-02 0.35948870668977    
    37    20 0.21149319802829E-02 0.35723416348259    
    44    20 0.47497493322261E-02 0.38010823716983    
    34    20 0.20563303114614E-02 0.35106869106164    
    38    20 0.22545432071779E-02 0.35948870668977    
    45    20 0.55660001721866E-02 0.38567423734202    
    39    20 0.24576043204847E-02 0.36194631101025    
    39    20 0.24576043204847E-02 0.36194631101025    
    45    20 0.55660001721866E-02 0.38567423734202    
    38    20 0.22545432071779E-02 0.35948870668977    
    33    20 0.21630286965702E-02 0.34901236075017    
    46    19 0.60051883161098E-02 0.39167942565813    
    35    20 0.20151996554385E-02 0.35308389071707    
    40    20 0.27312110040625E-02 0.36467752201431    
    40    20 0.27312110040625E-02 0.36467752201431    
    46    19 0.60051883161098E-02 0.39167942565813    
    39    20 0.24576043204847E-02 0.36194631101025    
    47    20 0.77018997315736E-02 0.39938132538970    
    39    20 0.24576043204847E-02 0.36194631101025    
    41    20 0.30852242538689E-02 0.36776274626818    
    36    20 0.20353407852307E-02 0.35511923150230    
    47    20 0.77018997315736E-02 0.39938132538970    
    41    20 0.30852242538689E-02 0.36776274626818    
    48    20 0.89628671389906E-02 0.40834419252869    
    34    20 0.20563303114614E-02 0.35106869106164    
    40    20 0.27312110040625E-02 0.36467752201431    
    42    20 0.35251316704722E-02 0.37128787793865    
    37    20 0.21149319802829E-02 0.35723416348259    
    48    20 0.89628671389906E-02 0.40834419252869    
    42    20 0.35251316704722E-02 0.37128787793865    
    40    20 0.27312110040625E-02 0.36467752201431    
    49    20 0.82485829742651E-02 0.41659277550296    
    43    20 0.40706098989518E-02 0.37535848783761    
    41    20 0.30852242538689E-02 0.36776274626818    
    49    20 0.82485829742651E-02 0.41659277550296    
    38    20 0.22545432071779E-02 0.35948870668977    
    43    20 0.40706098989518E-02 0.37535848783761    
    50    20 0.78733283982040E-02 0.42446610390116    
    44    20 0.47497493322261E-02 0.38010823716983    
    35    20 0.20151996554385E-02 0.35308389071707    
    50    20 0.78733283982040E-02 0.42446610390116    
    41    20 0.30852242538689E-02 0.36776274626818    
    42    20 0.35251316704722E-02 0.37128787793865    
    51    19 0.71231572359823E-02 0.43158926113714    
    39    20 0.24576043204847E-02 0.36194631101025    
    44    20 0.47497493322261E-02 0.38010823716983    
    45    20 0.55660001721866E-02 0.38567423734202    
    51    19 0.71231572359823E-02 0.43158926113714    
    52    19 0.72804487256473E-02 0.43886970986279    
    43    20 0.40706098989518E-02 0.37535848783761    
    46    19 0.60051883161098E-02 0.39167942565813    
    40    20 0.27312110040625E-02 0.36467752201431    
    45    20 0.55660001721866E-02 0.38567423734202    
    52    19 0.72804487256473E-02 0.43886970986279    
    42    20 0.35251316704722E-02 0.37128787793865    
    53    19 0.76486953966597E-02 0.44651840525945    
    36    20 0.20353407852307E-02 0.35511923150230    
    47    20 0.77018997315736E-02 0.39938132538970    
    46    19 0.60051883161098E-02 0.39167942565813    
    44    20 0.47497493322261E-02 0.38010823716983    
    53    19 0.76486953966597E-02 0.44651840525945    
    41    20 0.30852242538689E-02 0.36776274626818    
    54    19 0.82361937709298E-02 0.45475459903038    
    48    20 0.89628671389906E-02 0.40834419252869    
    54    19 0.82361937709298E-02 0.45475459903038    
    47    20 0.77018997315736E-02 0.39938132538970    
    45    20 0.55660001721866E-02 0.38567423734202    
    42    20 0.35251316704722E-02 0.37128787793865    
    55    20 0.99097778906911E-02 0.46466437692107    
    43    20 0.40706098989518E-02 0.37535848783761    
    49    20 0.82485829742651E-02 0.41659277550296    
    55    20 0.99097778906911E-02 0.46466437692107    
    37    20 0.21149319802829E-02 0.35723416348259    
    48    20 0.89628671389906E-02 0.40834419252869    
    56    19 0.10251363889986E-01 0.47491574081106    
    46    19 0.60051883161098E-02 0.39167942565813    
    43    20 0.40706098989518E-02 0.37535848783761    
    56    19 0.10251363889986E-01 0.47491574081106    
    50    20 0.78733283982040E-02 0.42446610390116    
    57    19 0.11635912172504E-01 0.48655165298356    
    44    20 0.47497493322261E-02 0.38010823716983    
    49    20 0.82485829742651E-02 0.41659277550296    
    47    20 0.77018997315736E-02 0.39938132538970    
    57    19 0.11635912172504E-01 0.48655165298356    
    51    19 0.71231572359823E-02 0.43158926113714    
    44    20 0.47497493322261E-02 0.38010823716983    
    58    19 0.13394567051792E-01 0.49994622003535    
    38    20 0.22545432071779E-02 0.35948870668977    
    58    19 0.13394567051792E-01 0.49994622003535    
    52    19 0.72804487256473E-02 0.43886970986279    
    50    20 0.78733283982040E-02 0.42446610390116    
    48    20 0.89628671389906E-02 0.40834419252869    
    59    19 0.53779964646394E-04 0.50000000000000    
  system time =    2.1333104036748409     
    45    20 0.55660001721866E-02 0.38567423734202    
    45    20 0.55660001721866E-02 0.38567423734202    
    59    19 0.53779964646394E-04 0.50000000000000    
  system time =    2.1292592883110046     
    53    19 0.76486953966597E-02 0.44651840525945    
    51    19 0.71231572359823E-02 0.43158926113714    
    46    19 0.60051883161098E-02 0.39167942565813    
    49    20 0.82485829742651E-02 0.41659277550296    
    54    19 0.82361937709298E-02 0.45475459903038    
    46    19 0.60051883161098E-02 0.39167942565813    
    52    19 0.72804487256473E-02 0.43886970986279    
    39    20 0.24576043204847E-02 0.36194631101025    
    55    20 0.99097778906911E-02 0.46466437692107    
    47    20 0.77018997315736E-02 0.39938132538970    
    53    19 0.76486953966597E-02 0.44651840525945    
    40    20 0.27312110040625E-02 0.36467752201431    
    56    19 0.10251363889986E-01 0.47491574081106    
    48    20 0.89628671389906E-02 0.40834419252869    
    54    19 0.82361937709298E-02 0.45475459903038    
    47    20 0.77018997315736E-02 0.39938132538970    
    50    20 0.78733283982040E-02 0.42446610390116    
    57    19 0.11635912172504E-01 0.48655165298356    
    41    20 0.30852242538689E-02 0.36776274626818    
    49    20 0.82485829742651E-02 0.41659277550296    
    55    20 0.99097778906911E-02 0.46466437692107    
    58    19 0.13394567051792E-01 0.49994622003535    
    50    20 0.78733283982040E-02 0.42446610390116    
    42    20 0.35251316704722E-02 0.37128787793865    
    59    19 0.53779964646394E-04 0.50000000000000    
  system time =    2.3082823399454355     
    56    19 0.10251363889986E-01 0.47491574081106    
    51    19 0.71231572359823E-02 0.43158926113714    
    43    20 0.40706098989518E-02 0.37535848783761    
    57    19 0.11635912172504E-01 0.48655165298356    
    52    19 0.72804487256473E-02 0.43886970986279    
    51    19 0.71231572359823E-02 0.43158926113714    
    48    20 0.89628671389906E-02 0.40834419252869    
    53    19 0.76486953966597E-02 0.44651840525945    
    58    19 0.13394567051792E-01 0.49994622003535    
    44    20 0.47497493322261E-02 0.38010823716983    
    52    19 0.72804487256473E-02 0.43886970986279    
    49    20 0.82485829742651E-02 0.41659277550296    
    54    19 0.82361937709298E-02 0.45475459903038    
    59    19 0.53779964646394E-04 0.50000000000000    
  system time =    2.4137304928153753     
    45    20 0.55660001721866E-02 0.38567423734202    
    53    19 0.76486953966597E-02 0.44651840525945    
    55    20 0.99097778906911E-02 0.46466437692107    
    50    20 0.78733283982040E-02 0.42446610390116    
    56    19 0.10251363889986E-01 0.47491574081106    
    46    19 0.60051883161098E-02 0.39167942565813    
    54    19 0.82361937709298E-02 0.45475459903038    
    51    19 0.71231572359823E-02 0.43158926113714    
    57    19 0.11635912172504E-01 0.48655165298356    
    47    20 0.77018997315736E-02 0.39938132538970    
    55    20 0.99097778906911E-02 0.46466437692107    
    52    19 0.72804487256473E-02 0.43886970986279    
    58    19 0.13394567051792E-01 0.49994622003535    
    59    19 0.53779964646394E-04 0.50000000000000    
  system time =    2.5727837551385164     
    48    20 0.89628671389906E-02 0.40834419252869    
    56    19 0.10251363889986E-01 0.47491574081106    
    53    19 0.76486953966597E-02 0.44651840525945    
    54    19 0.82361937709298E-02 0.45475459903038    
    57    19 0.11635912172504E-01 0.48655165298356    
    49    20 0.82485829742651E-02 0.41659277550296    
    58    19 0.13394567051792E-01 0.49994622003535    
    55    20 0.99097778906911E-02 0.46466437692107    
    50    20 0.78733283982040E-02 0.42446610390116    
    59    19 0.53779964646394E-04 0.50000000000000    
  system time =    2.6260108053684235     
    56    19 0.10251363889986E-01 0.47491574081106    
    51    19 0.71231572359823E-02 0.43158926113714    
    57    19 0.11635912172504E-01 0.48655165298356    
    52    19 0.72804487256473E-02 0.43886970986279    
    58    19 0.13394567051792E-01 0.49994622003535    
    53    19 0.76486953966597E-02 0.44651840525945    
    59    19 0.53779964646394E-04 0.50000000000000    
  system time =    2.7731061000376940     
    54    19 0.82361937709298E-02 0.45475459903038    
    55    20 0.99097778906911E-02 0.46466437692107    
    56    19 0.10251363889986E-01 0.47491574081106    
    57    19 0.11635912172504E-01 0.48655165298356    
    58    19 0.13394567051792E-01 0.49994622003535    
    59    19 0.53779964646394E-04 0.50000000000000    
  system time =    2.8972520511597395     
