  number of bodies, n =          128
  number of processes =            1
  maximum order of Maclaurin expansion, mo =           28
  Process            0  gets          128  bodies: from            1         128
  time-like interval [tmin,tmax] =    0.0000000000000000       0.50000000000000000     
  print interval, dtout =   -2.5000000000000001E-002
  absolute error limit on velocities, EV =    2.2204460492503131E-015
  diagnostics trigger, Diagnostics =  F
  number of bodies, n =          128
  number of processes =            1
  maximum order of Maclaurin expansion, mo =           28
  Process            0  gets          128  bodies: from            1         128
  time-like interval [tmin,tmax] =    0.0000000000000000       0.50000000000000000     
  print interval, dtout =   -2.5000000000000001E-002
  absolute error limit on velocities, EV =    2.2204460492503131E-015
  diagnostics trigger, Diagnostics =  F
  number of bodies, n =          128
  number of processes =            1
  maximum order of Maclaurin expansion, mo =           28
  Process            0  gets          128  bodies: from            1         128
  time-like interval [tmin,tmax] =    0.0000000000000000       0.50000000000000000     
  print interval, dtout =   -2.5000000000000001E-002
  absolute error limit on velocities, EV =    2.2204460492503131E-015
  diagnostics trigger, Diagnostics =  F
  number of bodies, n =          128
  number of processes =            1
  maximum order of Maclaurin expansion, mo =           28
  Process            0  gets          128  bodies: from            1         128
  time-like interval [tmin,tmax] =    0.0000000000000000       0.50000000000000000     
  print interval, dtout =   -2.5000000000000001E-002
  absolute error limit on velocities, EV =    2.2204460492503131E-015
  diagnostics trigger, Diagnostics =  F
  number of bodies, n =          128
  number of processes =            1
  maximum order of Maclaurin expansion, mo =           28
  Process            0  gets          128  bodies: from            1         128
  time-like interval [tmin,tmax] =    0.0000000000000000       0.50000000000000000     
  print interval, dtout =   -2.5000000000000001E-002
  absolute error limit on velocities, EV =    2.2204460492503131E-015
  diagnostics trigger, Diagnostics =  F
  number of bodies, n =          128
  number of processes =            1
  maximum order of Maclaurin expansion, mo =           28
  Process            0  gets          128  bodies: from            1         128
  time-like interval [tmin,tmax] =    0.0000000000000000       0.50000000000000000     
  print interval, dtout =   -2.5000000000000001E-002
  absolute error limit on velocities, EV =    2.2204460492503131E-015
  diagnostics trigger, Diagnostics =  F
  number of bodies, n =          128
  number of processes =            1
  maximum order of Maclaurin expansion, mo =           28
  Process            0  gets          128  bodies: from            1         128
  time-like interval [tmin,tmax] =    0.0000000000000000       0.50000000000000000     
  print interval, dtout =   -2.5000000000000001E-002
  absolute error limit on velocities, EV =    2.2204460492503131E-015
  diagnostics trigger, Diagnostics =  F
  number of bodies, n =          128
  number of processes =            1
  maximum order of Maclaurin expansion, mo =           28
  Process            0  gets          128  bodies: from            1         128
  time-like interval [tmin,tmax] =    0.0000000000000000       0.50000000000000000     
  print interval, dtout =   -2.5000000000000001E-002
  absolute error limit on velocities, EV =    2.2204460492503131E-015
  diagnostics trigger, Diagnostics =  F
     1    19 0.63076738225567E-02 0.63076738225567E-02
     1    19 0.63076738225567E-02 0.63076738225567E-02
     1    19 0.63076738225567E-02 0.63076738225567E-02
     1    19 0.63076738225567E-02 0.63076738225567E-02
     1    19 0.63076738225567E-02 0.63076738225567E-02
     1    19 0.63076738225567E-02 0.63076738225567E-02
     1    19 0.63076738225567E-02 0.63076738225567E-02
     2    19 0.64304072955814E-02 0.12738081118138E-01
     2    19 0.64304072955814E-02 0.12738081118138E-01
     2    19 0.64304072955814E-02 0.12738081118138E-01
     2    19 0.64304072955814E-02 0.12738081118138E-01
     2    19 0.64304072955814E-02 0.12738081118138E-01
     2    19 0.64304072955814E-02 0.12738081118138E-01
     1    19 0.63076738225567E-02 0.63076738225567E-02
     3    19 0.67533657780253E-02 0.19491446896163E-01
     3    19 0.67533657780253E-02 0.19491446896163E-01
     3    19 0.67533657780253E-02 0.19491446896163E-01
     3    19 0.67533657780253E-02 0.19491446896163E-01
     2    19 0.64304072955814E-02 0.12738081118138E-01
     3    19 0.67533657780253E-02 0.19491446896163E-01
     3    19 0.67533657780253E-02 0.19491446896163E-01
     4    19 0.72835531015145E-02 0.26774999997678E-01
     4    19 0.72835531015145E-02 0.26774999997678E-01
     4    19 0.72835531015145E-02 0.26774999997678E-01
     4    19 0.72835531015145E-02 0.26774999997678E-01
     4    19 0.72835531015145E-02 0.26774999997678E-01
     4    19 0.72835531015145E-02 0.26774999997678E-01
     2    19 0.64304072955814E-02 0.12738081118138E-01
     5    19 0.80377101880649E-02 0.34812710185743E-01
     5    19 0.80377101880649E-02 0.34812710185743E-01
     5    19 0.80377101880649E-02 0.34812710185743E-01
     5    19 0.80377101880649E-02 0.34812710185743E-01
     3    19 0.67533657780253E-02 0.19491446896163E-01
     5    19 0.80377101880649E-02 0.34812710185743E-01
     5    19 0.80377101880649E-02 0.34812710185743E-01
     6    19 0.90365038134410E-02 0.43849213999184E-01
     6    19 0.90365038134410E-02 0.43849213999184E-01
     6    19 0.90365038134410E-02 0.43849213999184E-01
     6    19 0.90365038134410E-02 0.43849213999184E-01
     6    19 0.90365038134410E-02 0.43849213999184E-01
     7    19 0.88971253623673E-02 0.52746339361551E-01
     6    19 0.90365038134410E-02 0.43849213999184E-01
     3    19 0.67533657780253E-02 0.19491446896163E-01
     4    19 0.72835531015145E-02 0.26774999997678E-01
     7    19 0.88971253623673E-02 0.52746339361551E-01
     7    19 0.88971253623673E-02 0.52746339361551E-01
     7    19 0.88971253623673E-02 0.52746339361551E-01
     8    19 0.77801860163114E-02 0.60526525377862E-01
     7    19 0.88971253623673E-02 0.52746339361551E-01
     5    19 0.80377101880649E-02 0.34812710185743E-01
     8    19 0.77801860163114E-02 0.60526525377862E-01
     8    19 0.77801860163114E-02 0.60526525377862E-01
     7    19 0.88971253623673E-02 0.52746339361551E-01
     8    19 0.77801860163114E-02 0.60526525377862E-01
     9    19 0.69795874051295E-02 0.67506112782992E-01
     4    19 0.72835531015145E-02 0.26774999997678E-01
     8    19 0.77801860163114E-02 0.60526525377862E-01
     6    19 0.90365038134410E-02 0.43849213999184E-01
     9    19 0.69795874051295E-02 0.67506112782992E-01
     9    19 0.69795874051295E-02 0.67506112782992E-01
     8    19 0.77801860163114E-02 0.60526525377862E-01
     9    19 0.69795874051295E-02 0.67506112782992E-01
    10    19 0.64434426743872E-02 0.73949555457379E-01
     5    19 0.80377101880649E-02 0.34812710185743E-01
    10    19 0.64434426743872E-02 0.73949555457379E-01
     9    19 0.69795874051295E-02 0.67506112782992E-01
     7    19 0.88971253623673E-02 0.52746339361551E-01
    10    19 0.64434426743872E-02 0.73949555457379E-01
     9    19 0.69795874051295E-02 0.67506112782992E-01
    11    19 0.61344051659652E-02 0.80083960623344E-01
    10    19 0.64434426743872E-02 0.73949555457379E-01
     6    19 0.90365038134410E-02 0.43849213999184E-01
    11    19 0.61344051659652E-02 0.80083960623344E-01
     8    19 0.77801860163114E-02 0.60526525377862E-01
    10    19 0.64434426743872E-02 0.73949555457379E-01
    11    19 0.61344051659652E-02 0.80083960623344E-01
    10    19 0.64434426743872E-02 0.73949555457379E-01
    12    19 0.60273077336802E-02 0.86111268357025E-01
    11    19 0.61344051659652E-02 0.80083960623344E-01
     7    19 0.88971253623673E-02 0.52746339361551E-01
    12    19 0.60273077336802E-02 0.86111268357025E-01
     9    19 0.69795874051295E-02 0.67506112782992E-01
    11    19 0.61344051659652E-02 0.80083960623344E-01
    12    19 0.60273077336802E-02 0.86111268357025E-01
    11    19 0.61344051659652E-02 0.80083960623344E-01
    13    19 0.61077248968381E-02 0.92218993253863E-01
    12    19 0.60273077336802E-02 0.86111268357025E-01
     8    19 0.77801860163114E-02 0.60526525377862E-01
    13    19 0.61077248968381E-02 0.92218993253863E-01
    10    19 0.64434426743872E-02 0.73949555457379E-01
    13    19 0.61077248968381E-02 0.92218993253863E-01
    12    19 0.60273077336802E-02 0.86111268357025E-01
    12    19 0.60273077336802E-02 0.86111268357025E-01
    14    19 0.63713005114182E-02 0.98590293765281E-01
    13    19 0.61077248968381E-02 0.92218993253863E-01
    14    19 0.63713005114182E-02 0.98590293765281E-01
     9    19 0.69795874051295E-02 0.67506112782992E-01
    11    19 0.61344051659652E-02 0.80083960623344E-01
    14    19 0.63713005114182E-02 0.98590293765281E-01
    13    19 0.61077248968381E-02 0.92218993253863E-01
    13    19 0.61077248968381E-02 0.92218993253863E-01
    15    19 0.68223056323684E-02 0.10541259939765    
    14    19 0.63713005114182E-02 0.98590293765281E-01
    15    19 0.68223056323684E-02 0.10541259939765    
    10    19 0.64434426743872E-02 0.73949555457379E-01
    12    19 0.60273077336802E-02 0.86111268357025E-01
    15    19 0.68223056323684E-02 0.10541259939765    
    14    19 0.63713005114182E-02 0.98590293765281E-01
    14    19 0.63713005114182E-02 0.98590293765281E-01
    16    20 0.78124761080019E-02 0.11322507550565    
    15    19 0.68223056323684E-02 0.10541259939765    
    16    20 0.78124761080019E-02 0.11322507550565    
    11    19 0.61344051659652E-02 0.80083960623344E-01
    13    19 0.61077248968381E-02 0.92218993253863E-01
    16    20 0.78124761080019E-02 0.11322507550565    
    15    19 0.68223056323684E-02 0.10541259939765    
    15    19 0.68223056323684E-02 0.10541259939765    
    17    20 0.75295201158193E-02 0.12075459562147    
    16    20 0.78124761080019E-02 0.11322507550565    
    12    19 0.60273077336802E-02 0.86111268357025E-01
    14    19 0.63713005114182E-02 0.98590293765281E-01
    17    20 0.75295201158193E-02 0.12075459562147    
    17    20 0.75295201158193E-02 0.12075459562147    
    16    20 0.78124761080019E-02 0.11322507550565    
    16    20 0.78124761080019E-02 0.11322507550565    
    18    20 0.75038000883663E-02 0.12825839570984    
    15    19 0.68223056323684E-02 0.10541259939765    
    13    19 0.61077248968381E-02 0.92218993253863E-01
    17    20 0.75295201158193E-02 0.12075459562147    
    18    20 0.75038000883663E-02 0.12825839570984    
    18    20 0.75038000883663E-02 0.12825839570984    
    19    20 0.77193404910290E-02 0.13597773620087    
    14    19 0.63713005114182E-02 0.98590293765281E-01
    16    20 0.78124761080019E-02 0.11322507550565    
    18    20 0.75038000883663E-02 0.12825839570984    
    19    20 0.77193404910290E-02 0.13597773620087    
    19    20 0.77193404910290E-02 0.13597773620087    
    17    20 0.75295201158193E-02 0.12075459562147    
    17    20 0.75295201158193E-02 0.12075459562147    
    20    20 0.81768980022286E-02 0.14415463420309    
    15    19 0.68223056323684E-02 0.10541259939765    
    17    20 0.75295201158193E-02 0.12075459562147    
    19    20 0.77193404910290E-02 0.13597773620087    
    20    20 0.81768980022286E-02 0.14415463420309    
    20    20 0.81768980022286E-02 0.14415463420309    
    21    20 0.88893448215984E-02 0.15304397902469    
    16    20 0.78124761080019E-02 0.11322507550565    
    18    20 0.75038000883663E-02 0.12825839570984    
    21    20 0.88893448215984E-02 0.15304397902469    
    20    20 0.81768980022286E-02 0.14415463420309    
    21    20 0.88893448215984E-02 0.15304397902469    
    18    20 0.75038000883663E-02 0.12825839570984    
    22    20 0.97999229529773E-02 0.16284390197767    
    18    20 0.75038000883663E-02 0.12825839570984    
    17    20 0.75295201158193E-02 0.12075459562147    
    19    20 0.77193404910290E-02 0.13597773620087    
    22    20 0.97999229529773E-02 0.16284390197767    
    21    20 0.88893448215984E-02 0.15304397902469    
    22    20 0.97999229529773E-02 0.16284390197767    
    23    19 0.84137976859900E-02 0.17125769966366    
    23    19 0.84137976859900E-02 0.17125769966366    
    18    20 0.75038000883663E-02 0.12825839570984    
    20    20 0.81768980022286E-02 0.14415463420309    
    23    19 0.84137976859900E-02 0.17125769966366    
    22    20 0.97999229529773E-02 0.16284390197767    
    24    19 0.73272228045359E-02 0.17858492246820    
    19    20 0.77193404910290E-02 0.13597773620087    
    24    19 0.73272228045359E-02 0.17858492246820    
    24    19 0.73272228045359E-02 0.17858492246820    
    19    20 0.77193404910290E-02 0.13597773620087    
    21    20 0.88893448215984E-02 0.15304397902469    
    19    20 0.77193404910290E-02 0.13597773620087    
    23    19 0.84137976859900E-02 0.17125769966366    
    25    19 0.65712870253032E-02 0.18515620949350    
    25    19 0.65712870253032E-02 0.18515620949350    
    25    19 0.65712870253032E-02 0.18515620949350    
    24    19 0.73272228045359E-02 0.17858492246820    
    22    20 0.97999229529773E-02 0.16284390197767    
    20    20 0.81768980022286E-02 0.14415463420309    
    26    19 0.60829158491530E-02 0.19123912534265    
    20    20 0.81768980022286E-02 0.14415463420309    
    26    19 0.60829158491530E-02 0.19123912534265    
    26    19 0.60829158491530E-02 0.19123912534265    
    25    19 0.65712870253032E-02 0.18515620949350    
    23    19 0.84137976859900E-02 0.17125769966366    
    27    19 0.58232150990216E-02 0.19706234044167    
    21    20 0.88893448215984E-02 0.15304397902469    
    20    20 0.81768980022286E-02 0.14415463420309    
    27    19 0.58232150990216E-02 0.19706234044167    
    27    19 0.58232150990216E-02 0.19706234044167    
    26    19 0.60829158491530E-02 0.19123912534265    
    28    19 0.57685034247499E-02 0.20283084386642    
    24    19 0.73272228045359E-02 0.17858492246820    
    22    20 0.97999229529773E-02 0.16284390197767    
    28    19 0.57685034247499E-02 0.20283084386642    
    28    19 0.57685034247499E-02 0.20283084386642    
    21    20 0.88893448215984E-02 0.15304397902469    
    29    19 0.59076781311919E-02 0.20873852199762    
    27    19 0.58232150990216E-02 0.19706234044167    
    25    19 0.65712870253032E-02 0.18515620949350    
    23    19 0.84137976859900E-02 0.17125769966366    
    29    19 0.59076781311919E-02 0.20873852199762    
    29    19 0.59076781311919E-02 0.20873852199762    
    21    20 0.88893448215984E-02 0.15304397902469    
    30    19 0.62384809609088E-02 0.21497700295852    
    28    19 0.57685034247499E-02 0.20283084386642    
    26    19 0.60829158491530E-02 0.19123912534265    
    24    19 0.73272228045359E-02 0.17858492246820    
    30    19 0.62384809609088E-02 0.21497700295852    
    30    19 0.62384809609088E-02 0.21497700295852    
    31    19 0.67676667672646E-02 0.22174466972579    
    27    19 0.58232150990216E-02 0.19706234044167    
    29    19 0.59076781311919E-02 0.20873852199762    
    22    20 0.97999229529773E-02 0.16284390197767    
    25    19 0.65712870253032E-02 0.18515620949350    
    31    19 0.67676667672646E-02 0.22174466972579    
    31    19 0.67676667672646E-02 0.22174466972579    
    32    18 0.68165014166112E-02 0.22856117114240    
    28    19 0.57685034247499E-02 0.20283084386642    
    30    19 0.62384809609088E-02 0.21497700295852    
    22    20 0.97999229529773E-02 0.16284390197767    
    26    19 0.60829158491530E-02 0.19123912534265    
    32    18 0.68165014166112E-02 0.22856117114240    
    32    18 0.68165014166112E-02 0.22856117114240    
    33    19 0.84109048802872E-02 0.23697207602269    
    29    19 0.59076781311919E-02 0.20873852199762    
    31    19 0.67676667672646E-02 0.22174466972579    
    23    19 0.84137976859900E-02 0.17125769966366    
    33    19 0.84109048802872E-02 0.23697207602269    
    27    19 0.58232150990216E-02 0.19706234044167    
    33    19 0.84109048802872E-02 0.23697207602269    
    34    19 0.96403527362746E-02 0.24661242875896    
    30    19 0.62384809609088E-02 0.21497700295852    
    24    19 0.73272228045359E-02 0.17858492246820    
    23    19 0.84137976859900E-02 0.17125769966366    
    34    19 0.96403527362746E-02 0.24661242875896    
    28    19 0.57685034247499E-02 0.20283084386642    
    34    19 0.96403527362746E-02 0.24661242875896    
    35    19 0.10378605281298E-01 0.25699103404026    
    32    18 0.68165014166112E-02 0.22856117114240    
    31    19 0.67676667672646E-02 0.22174466972579    
    25    19 0.65712870253032E-02 0.18515620949350    
    35    19 0.10378605281298E-01 0.25699103404026    
    29    19 0.59076781311919E-02 0.20873852199762    
    35    19 0.10378605281298E-01 0.25699103404026    
    36    19 0.10285733143139E-01 0.26727676718340    
    32    18 0.68165014166112E-02 0.22856117114240    
    26    19 0.60829158491530E-02 0.19123912534265    
    36    19 0.10285733143139E-01 0.26727676718340    
    36    19 0.10285733143139E-01 0.26727676718340    
    30    19 0.62384809609088E-02 0.21497700295852    
    24    19 0.73272228045359E-02 0.17858492246820    
    37    19 0.10116046455147E-01 0.27739281363855    
    33    19 0.84109048802872E-02 0.23697207602269    
    33    19 0.84109048802872E-02 0.23697207602269    
    27    19 0.58232150990216E-02 0.19706234044167    
    37    19 0.10116046455147E-01 0.27739281363855    
    37    19 0.10116046455147E-01 0.27739281363855    
    31    19 0.67676667672646E-02 0.22174466972579    
    38    19 0.10267186925864E-01 0.28766000056441    
    34    19 0.96403527362746E-02 0.24661242875896    
    28    19 0.57685034247499E-02 0.20283084386642    
    38    19 0.10267186925864E-01 0.28766000056441    
    38    19 0.10267186925864E-01 0.28766000056441    
    32    18 0.68165014166112E-02 0.22856117114240    
    39    19 0.10740936147505E-01 0.29840093671191    
    25    19 0.65712870253032E-02 0.18515620949350    
    35    19 0.10378605281298E-01 0.25699103404026    
    29    19 0.59076781311919E-02 0.20873852199762    
    34    19 0.96403527362746E-02 0.24661242875896    
    39    19 0.10740936147505E-01 0.29840093671191    
    39    19 0.10740936147505E-01 0.29840093671191    
    40    19 0.11547180375117E-01 0.30994811708703    
    33    19 0.84109048802872E-02 0.23697207602269    
    36    19 0.10285733143139E-01 0.26727676718340    
    30    19 0.62384809609088E-02 0.21497700295852    
    40    19 0.11547180375117E-01 0.30994811708703    
    40    19 0.11547180375117E-01 0.30994811708703    
    41    19 0.12299308599184E-01 0.32224742568622    
    34    19 0.96403527362746E-02 0.24661242875896    
    26    19 0.60829158491530E-02 0.19123912534265    
    37    19 0.10116046455147E-01 0.27739281363855    
    31    19 0.67676667672646E-02 0.22174466972579    
    35    19 0.10378605281298E-01 0.25699103404026    
    41    19 0.12299308599184E-01 0.32224742568622    
    42    19 0.12303318996634E-01 0.33455074468285    
    41    19 0.12299308599184E-01 0.32224742568622    
    35    19 0.10378605281298E-01 0.25699103404026    
    38    19 0.10267186925864E-01 0.28766000056441    
    32    18 0.68165014166112E-02 0.22856117114240    
    42    19 0.12303318996634E-01 0.33455074468285    
    43    19 0.12718623003792E-01 0.34726936768664    
    42    19 0.12303318996634E-01 0.33455074468285    
    36    19 0.10285733143139E-01 0.26727676718340    
    39    19 0.10740936147505E-01 0.29840093671191    
    33    19 0.84109048802872E-02 0.23697207602269    
    27    19 0.58232150990216E-02 0.19706234044167    
    43    19 0.12718623003792E-01 0.34726936768664    
    36    19 0.10285733143139E-01 0.26727676718340    
    44    19 0.12773021256451E-01 0.36004238894309    
    43    19 0.12718623003792E-01 0.34726936768664    
    37    19 0.10116046455147E-01 0.27739281363855    
    40    19 0.11547180375117E-01 0.30994811708703    
    34    19 0.96403527362746E-02 0.24661242875896    
    44    19 0.12773021256451E-01 0.36004238894309    
    45    19 0.12976463685621E-01 0.37301885262871    
    44    19 0.12773021256451E-01 0.36004238894309    
    38    19 0.10267186925864E-01 0.28766000056441    
    41    19 0.12299308599184E-01 0.32224742568622    
    35    19 0.10378605281298E-01 0.25699103404026    
    45    19 0.12976463685621E-01 0.37301885262871    
    46    19 0.13604606789000E-01 0.38662345941771    
    28    19 0.57685034247499E-02 0.20283084386642    
    37    19 0.10116046455147E-01 0.27739281363855    
    45    19 0.12976463685621E-01 0.37301885262871    
    39    19 0.10740936147505E-01 0.29840093671191    
    42    19 0.12303318996634E-01 0.33455074468285    
    36    19 0.10285733143139E-01 0.26727676718340    
    46    19 0.13604606789000E-01 0.38662345941771    
    47    19 0.14672260211144E-01 0.40129571962886    
    46    19 0.13604606789000E-01 0.38662345941771    
    40    19 0.11547180375117E-01 0.30994811708703    
    43    19 0.12718623003792E-01 0.34726936768664    
    37    19 0.10116046455147E-01 0.27739281363855    
    47    19 0.14672260211144E-01 0.40129571962886    
    48    19 0.13982905431862E-01 0.41527862506072    
    47    19 0.14672260211144E-01 0.40129571962886    
    38    19 0.10267186925864E-01 0.28766000056441    
    29    19 0.59076781311919E-02 0.20873852199762    
    41    19 0.12299308599184E-01 0.32224742568622    
    44    19 0.12773021256451E-01 0.36004238894309    
    38    19 0.10267186925864E-01 0.28766000056441    
    48    19 0.13982905431862E-01 0.41527862506072    
    49    19 0.13038450989006E-01 0.42831707604973    
    48    19 0.13982905431862E-01 0.41527862506072    
    42    19 0.12303318996634E-01 0.33455074468285    
    45    19 0.12976463685621E-01 0.37301885262871    
    39    19 0.10740936147505E-01 0.29840093671191    
    49    19 0.13038450989006E-01 0.42831707604973    
    50    19 0.12574469394249E-01 0.44089154544397    
    49    19 0.13038450989006E-01 0.42831707604973    
    39    19 0.10740936147505E-01 0.29840093671191    
    30    19 0.62384809609088E-02 0.21497700295852    
    43    19 0.12718623003792E-01 0.34726936768664    
    46    19 0.13604606789000E-01 0.38662345941771    
    40    19 0.11547180375117E-01 0.30994811708703    
    50    19 0.12574469394249E-01 0.44089154544397    
    51    19 0.12313891904411E-01 0.45320543734839    
    50    19 0.12574469394249E-01 0.44089154544397    
    47    19 0.14672260211144E-01 0.40129571962886    
    44    19 0.12773021256451E-01 0.36004238894309    
    41    19 0.12299308599184E-01 0.32224742568622    
    51    19 0.12313891904411E-01 0.45320543734839    
    52    19 0.11883029456339E-01 0.46508846680472    
    51    19 0.12313891904411E-01 0.45320543734839    
    40    19 0.11547180375117E-01 0.30994811708703    
    48    19 0.13982905431862E-01 0.41527862506072    
    31    19 0.67676667672646E-02 0.22174466972579    
    42    19 0.12303318996634E-01 0.33455074468285    
    45    19 0.12976463685621E-01 0.37301885262871    
    53    19 0.11907879205495E-01 0.47699634601022    
    52    19 0.11883029456339E-01 0.46508846680472    
    52    19 0.11883029456339E-01 0.46508846680472    
    41    19 0.12299308599184E-01 0.32224742568622    
    49    19 0.13038450989006E-01 0.42831707604973    
    43    19 0.12718623003792E-01 0.34726936768664    
    46    19 0.13604606789000E-01 0.38662345941771    
    53    19 0.11907879205495E-01 0.47699634601022    
    53    19 0.11907879205495E-01 0.47699634601022    
    32    18 0.68165014166112E-02 0.22856117114240    
    50    19 0.12574469394249E-01 0.44089154544397    
    42    19 0.12303318996634E-01 0.33455074468285    
    44    19 0.12773021256451E-01 0.36004238894309    
    54    19 0.12360921816124E-01 0.48935726782634    
    47    19 0.14672260211144E-01 0.40129571962886    
    54    19 0.12360921816124E-01 0.48935726782634    
    54    19 0.12360921816124E-01 0.48935726782634    
    51    19 0.12313891904411E-01 0.45320543734839    
    43    19 0.12718623003792E-01 0.34726936768664    
    45    19 0.12976463685621E-01 0.37301885262871    
    55    19 0.10642732173657E-01 0.50000000000000    
  system time =    7.9354254696518183     
    48    19 0.13982905431862E-01 0.41527862506072    
    55    19 0.10642732173657E-01 0.50000000000000    
  system time =    7.9442142844200134     
    52    19 0.11883029456339E-01 0.46508846680472    
    46    19 0.13604606789000E-01 0.38662345941771    
    44    19 0.12773021256451E-01 0.36004238894309    
    33    19 0.84109048802872E-02 0.23697207602269    
    55    19 0.10642732173657E-01 0.50000000000000    
  system time =    8.0858537405729294     
    49    19 0.13038450989006E-01 0.42831707604973    
    53    19 0.11907879205495E-01 0.47699634601022    
    47    19 0.14672260211144E-01 0.40129571962886    
    45    19 0.12976463685621E-01 0.37301885262871    
    34    19 0.96403527362746E-02 0.24661242875896    
    50    19 0.12574469394249E-01 0.44089154544397    
    54    19 0.12360921816124E-01 0.48935726782634    
    48    19 0.13982905431862E-01 0.41527862506072    
    46    19 0.13604606789000E-01 0.38662345941771    
    35    19 0.10378605281298E-01 0.25699103404026    
    51    19 0.12313891904411E-01 0.45320543734839    
    55    19 0.10642732173657E-01 0.50000000000000    
  system time =    8.4839256480336189     
    49    19 0.13038450989006E-01 0.42831707604973    
    47    19 0.14672260211144E-01 0.40129571962886    
    36    19 0.10285733143139E-01 0.26727676718340    
    52    19 0.11883029456339E-01 0.46508846680472    
    50    19 0.12574469394249E-01 0.44089154544397    
    48    19 0.13982905431862E-01 0.41527862506072    
    37    19 0.10116046455147E-01 0.27739281363855    
    53    19 0.11907879205495E-01 0.47699634601022    
    51    19 0.12313891904411E-01 0.45320543734839    
    49    19 0.13038450989006E-01 0.42831707604973    
    38    19 0.10267186925864E-01 0.28766000056441    
    54    19 0.12360921816124E-01 0.48935726782634    
    52    19 0.11883029456339E-01 0.46508846680472    
    50    19 0.12574469394249E-01 0.44089154544397    
    55    19 0.10642732173657E-01 0.50000000000000    
    39    19 0.10740936147505E-01 0.29840093671191    
  system time =    8.8589207213371992     
    53    19 0.11907879205495E-01 0.47699634601022    
    51    19 0.12313891904411E-01 0.45320543734839    
    40    19 0.11547180375117E-01 0.30994811708703    
    54    19 0.12360921816124E-01 0.48935726782634    
    52    19 0.11883029456339E-01 0.46508846680472    
    41    19 0.12299308599184E-01 0.32224742568622    
    55    19 0.10642732173657E-01 0.50000000000000    
  system time =    9.1940001808106899     
    53    19 0.11907879205495E-01 0.47699634601022    
    42    19 0.12303318996634E-01 0.33455074468285    
    54    19 0.12360921816124E-01 0.48935726782634    
    43    19 0.12718623003792E-01 0.34726936768664    
    55    19 0.10642732173657E-01 0.50000000000000    
  system time =    9.4566646795719862     
    44    19 0.12773021256451E-01 0.36004238894309    
    45    19 0.12976463685621E-01 0.37301885262871    
    46    19 0.13604606789000E-01 0.38662345941771    
    47    19 0.14672260211144E-01 0.40129571962886    
    48    19 0.13982905431862E-01 0.41527862506072    
    49    19 0.13038450989006E-01 0.42831707604973    
    50    19 0.12574469394249E-01 0.44089154544397    
    51    19 0.12313891904411E-01 0.45320543734839    
    52    19 0.11883029456339E-01 0.46508846680472    
    53    19 0.11907879205495E-01 0.47699634601022    
    54    19 0.12360921816124E-01 0.48935726782634    
    55    19 0.10642732173657E-01 0.50000000000000    
  system time =    10.603181829676032     
