  number of bodies, n =            8
  number of processes =            1
  maximum order of Maclaurin expansion, mo =           28
  Process            0  gets            8  bodies: from            1           8
  number of bodies, n =            8
  number of processes =            1
  maximum order of Maclaurin expansion, mo =           28
  Process            0  gets            8  bodies: from            1           8
  time-like interval [tmin,tmax] =    0.0000000000000000       0.50000000000000000     
  print interval, dtout =   -2.5000000000000001E-002
  absolute error limit on velocities, EV =    2.2204460492503131E-015
  diagnostics trigger, Diagnostics =  F
     1    15 0.49575436988969E-01 0.49575436988969E-01
     2    17 0.65154906089158E-01 0.11473034307813    
     3    17 0.65565086314146E-01 0.18029542939227    
  number of bodies, n =            8
  number of processes =            1
  maximum order of Maclaurin expansion, mo =           28
  Process            0  gets            8  bodies: from            1           8
  time-like interval [tmin,tmax] =    0.0000000000000000       0.50000000000000000     
  print interval, dtout =   -2.5000000000000001E-002
  absolute error limit on velocities, EV =    2.2204460492503131E-015
  diagnostics trigger, Diagnostics =  F
     4    17 0.68227246111525E-01 0.24852267550380    
     5    17 0.73418901211566E-01 0.32194157671536    
     1    15 0.49575436988969E-01 0.49575436988969E-01
     6    20 0.10106007357641     0.42300165029178    
     2    17 0.65154906089158E-01 0.11473034307813    
     7    17 0.74332656905685E-01 0.49733430719746    
     3    17 0.65565086314146E-01 0.18029542939227    
     8    17 0.26656928025350E-02 0.50000000000000    
  time-like interval [tmin,tmax] =    0.0000000000000000       0.50000000000000000     
  print interval, dtout =   -2.5000000000000001E-002
  absolute error limit on velocities, EV =    2.2204460492503131E-015
  diagnostics trigger, Diagnostics =  F
  number of bodies, n =            8
  number of processes =            1
  maximum order of Maclaurin expansion, mo =           28
  Process            0  gets            8  bodies: from            1           8
  time-like interval [tmin,tmax] =    0.0000000000000000       0.50000000000000000     
  print interval, dtout =   -2.5000000000000001E-002
  absolute error limit on velocities, EV =    2.2204460492503131E-015
  diagnostics trigger, Diagnostics =  F
     1    15 0.49575436988969E-01 0.49575436988969E-01
     1    15 0.49575436988969E-01 0.49575436988969E-01
     2    17 0.65154906089158E-01 0.11473034307813    
     2    17 0.65154906089158E-01 0.11473034307813    
     3    17 0.65565086314146E-01 0.18029542939227    
     3    17 0.65565086314146E-01 0.18029542939227    
     4    17 0.68227246111525E-01 0.24852267550380    
     4    17 0.68227246111525E-01 0.24852267550380    
     5    17 0.73418901211566E-01 0.32194157671536    
     5    17 0.73418901211566E-01 0.32194157671536    
     6    20 0.10106007357641     0.42300165029178    
     6    20 0.10106007357641     0.42300165029178    
     7    17 0.74332656905685E-01 0.49733430719746    
     7    17 0.74332656905685E-01 0.49733430719746    
     8    17 0.26656928025350E-02 0.50000000000000    
     8    17 0.26656928025350E-02 0.50000000000000    
  system time =    9.3977693468332291E-003
  system time =    9.4235427677631378E-003
  number of bodies, n =            8
  number of processes =            1
  maximum order of Maclaurin expansion, mo =           28
  Process            0  gets            8  bodies: from            1           8
  time-like interval [tmin,tmax] =    0.0000000000000000       0.50000000000000000     
  print interval, dtout =   -2.5000000000000001E-002
  absolute error limit on velocities, EV =    2.2204460492503131E-015
  diagnostics trigger, Diagnostics =  F
     1    15 0.49575436988969E-01 0.49575436988969E-01
     2    17 0.65154906089158E-01 0.11473034307813    
     3    17 0.65565086314146E-01 0.18029542939227    
     4    17 0.68227246111525E-01 0.24852267550380    
     5    17 0.73418901211566E-01 0.32194157671536    
     6    20 0.10106007357641     0.42300165029178    
     7    17 0.74332656905685E-01 0.49733430719746    
     8    17 0.26656928025350E-02 0.50000000000000    
     4    17 0.68227246111525E-01 0.24852267550380    
  system time =    1.0081864893436432E-002
     5    17 0.73418901211566E-01 0.32194157671536    
     6    20 0.10106007357641     0.42300165029178    
     7    17 0.74332656905685E-01 0.49733430719746    
     8    17 0.26656928025350E-02 0.50000000000000    
  system time =    8.5402280092239380E-003
  number of bodies, n =            8
  number of processes =            1
  maximum order of Maclaurin expansion, mo =           28
  Process            0  gets            8  bodies: from            1           8
  time-like interval [tmin,tmax] =    0.0000000000000000       0.50000000000000000     
  print interval, dtout =   -2.5000000000000001E-002
  absolute error limit on velocities, EV =    2.2204460492503131E-015
  diagnostics trigger, Diagnostics =  F
  number of bodies, n =            8
  number of processes =            1
  maximum order of Maclaurin expansion, mo =           28
  Process            0  gets            8  bodies: from            1           8
  time-like interval [tmin,tmax] =    0.0000000000000000       0.50000000000000000     
  print interval, dtout =   -2.5000000000000001E-002
  absolute error limit on velocities, EV =    2.2204460492503131E-015
  diagnostics trigger, Diagnostics =  F
  system time =    6.5957438200712204E-003
  number of bodies, n =            8
  number of processes =            1
  maximum order of Maclaurin expansion, mo =           28
  Process            0  gets            8  bodies: from            1           8
  time-like interval [tmin,tmax] =    0.0000000000000000       0.50000000000000000     
  print interval, dtout =   -2.5000000000000001E-002
  absolute error limit on velocities, EV =    2.2204460492503131E-015
  diagnostics trigger, Diagnostics =  F
     1    15 0.49575436988969E-01 0.49575436988969E-01
     2    17 0.65154906089158E-01 0.11473034307813    
     3    17 0.65565086314146E-01 0.18029542939227    
     4    17 0.68227246111525E-01 0.24852267550380    
     5    17 0.73418901211566E-01 0.32194157671536    
     6    20 0.10106007357641     0.42300165029178    
     7    17 0.74332656905685E-01 0.49733430719746    
  number of bodies, n =            8
  number of processes =            1
  maximum order of Maclaurin expansion, mo =           28
  Process            0  gets            8  bodies: from            1           8
  time-like interval [tmin,tmax] =    0.0000000000000000       0.50000000000000000     
  print interval, dtout =   -2.5000000000000001E-002
  absolute error limit on velocities, EV =    2.2204460492503131E-015
  diagnostics trigger, Diagnostics =  F
  number of bodies, n =            8
  number of processes =            1
  maximum order of Maclaurin expansion, mo =           28
  Process            0  gets            8  bodies: from            1           8
  time-like interval [tmin,tmax] =    0.0000000000000000       0.50000000000000000     
  print interval, dtout =   -2.5000000000000001E-002
  absolute error limit on velocities, EV =    2.2204460492503131E-015
  diagnostics trigger, Diagnostics =  F
     1    15 0.49575436988969E-01 0.49575436988969E-01
     1    15 0.49575436988969E-01 0.49575436988969E-01
     1    15 0.49575436988969E-01 0.49575436988969E-01
     2    17 0.65154906089158E-01 0.11473034307813    
  number of bodies, n =            8
  number of processes =            1
  maximum order of Maclaurin expansion, mo =           28
  Process            0  gets            8  bodies: from            1           8
  time-like interval [tmin,tmax] =    0.0000000000000000       0.50000000000000000     
  print interval, dtout =   -2.5000000000000001E-002
  absolute error limit on velocities, EV =    2.2204460492503131E-015
  diagnostics trigger, Diagnostics =  F
     2    17 0.65154906089158E-01 0.11473034307813    
     3    17 0.65565086314146E-01 0.18029542939227    
     3    17 0.65565086314146E-01 0.18029542939227    
     2    17 0.65154906089158E-01 0.11473034307813    
  number of bodies, n =            8
  number of processes =            1
  maximum order of Maclaurin expansion, mo =           28
  Process            0  gets            8  bodies: from            1           8
  time-like interval [tmin,tmax] =    0.0000000000000000       0.50000000000000000     
     4    17 0.68227246111525E-01 0.24852267550380    
  print interval, dtout =   -2.5000000000000001E-002
  absolute error limit on velocities, EV =    2.2204460492503131E-015
  diagnostics trigger, Diagnostics =  F
  number of bodies, n =            8
  number of processes =            1
  maximum order of Maclaurin expansion, mo =           28
  Process            0  gets            8  bodies: from            1           8
  time-like interval [tmin,tmax] =    0.0000000000000000       0.50000000000000000     
  print interval, dtout =   -2.5000000000000001E-002
  absolute error limit on velocities, EV =    2.2204460492503131E-015
  diagnostics trigger, Diagnostics =  F
     4    17 0.68227246111525E-01 0.24852267550380    
     1    15 0.49575436988969E-01 0.49575436988969E-01
     3    17 0.65565086314146E-01 0.18029542939227    
     5    17 0.73418901211566E-01 0.32194157671536    
     5    17 0.73418901211566E-01 0.32194157671536    
     8    17 0.26656928025350E-02 0.50000000000000    
     1    15 0.49575436988969E-01 0.49575436988969E-01
  system time =    7.3081739246845245E-003
     2    17 0.65154906089158E-01 0.11473034307813    
     3    17 0.65565086314146E-01 0.18029542939227    
  number of bodies, n =            8
  number of processes =            1
  maximum order of Maclaurin expansion, mo =           28
  Process            0  gets            8  bodies: from            1           8
  time-like interval [tmin,tmax] =    0.0000000000000000       0.50000000000000000     
  print interval, dtout =   -2.5000000000000001E-002
  absolute error limit on velocities, EV =    2.2204460492503131E-015
  diagnostics trigger, Diagnostics =  F
     4    17 0.68227246111525E-01 0.24852267550380    
     5    17 0.73418901211566E-01 0.32194157671536    
     1    15 0.49575436988969E-01 0.49575436988969E-01
     6    20 0.10106007357641     0.42300165029178    
     2    17 0.65154906089158E-01 0.11473034307813    
  number of bodies, n =            8
  number of processes =            1
  maximum order of Maclaurin expansion, mo =           28
  Process            0  gets            8  bodies: from            1           8
  time-like interval [tmin,tmax] =    0.0000000000000000       0.50000000000000000     
  print interval, dtout =   -2.5000000000000001E-002
  absolute error limit on velocities, EV =    2.2204460492503131E-015
  diagnostics trigger, Diagnostics =  F
     7    17 0.74332656905685E-01 0.49733430719746    
     1    15 0.49575436988969E-01 0.49575436988969E-01
     2    17 0.65154906089158E-01 0.11473034307813    
     4    17 0.68227246111525E-01 0.24852267550380    
     6    20 0.10106007357641     0.42300165029178    
     6    20 0.10106007357641     0.42300165029178    
     2    17 0.65154906089158E-01 0.11473034307813    
     3    17 0.65565086314146E-01 0.18029542939227    
     5    17 0.73418901211566E-01 0.32194157671536    
     7    17 0.74332656905685E-01 0.49733430719746    
     1    15 0.49575436988969E-01 0.49575436988969E-01
     7    17 0.74332656905685E-01 0.49733430719746    
     3    17 0.65565086314146E-01 0.18029542939227    
     6    20 0.10106007357641     0.42300165029178    
     8    17 0.26656928025350E-02 0.50000000000000    
     2    17 0.65154906089158E-01 0.11473034307813    
     4    17 0.68227246111525E-01 0.24852267550380    
     8    17 0.26656928025350E-02 0.50000000000000    
     4    17 0.68227246111525E-01 0.24852267550380    
  system time =    1.0930133983492851E-002
     7    17 0.74332656905685E-01 0.49733430719746    
     3    17 0.65565086314146E-01 0.18029542939227    
     5    17 0.73418901211566E-01 0.32194157671536    
  system time =    1.1073155328631401E-002
     3    17 0.65565086314146E-01 0.18029542939227    
     8    17 0.26656928025350E-02 0.50000000000000    
     4    17 0.68227246111525E-01 0.24852267550380    
  system time =    7.0027206093072891E-003
     1    15 0.49575436988969E-01 0.49575436988969E-01
     5    17 0.73418901211566E-01 0.32194157671536    
  number of bodies, n =            8
  number of processes =            1
  maximum order of Maclaurin expansion, mo =           28
  Process            0  gets            8  bodies: from            1           8
  time-like interval [tmin,tmax] =    0.0000000000000000       0.50000000000000000     
  print interval, dtout =   -2.5000000000000001E-002
  absolute error limit on velocities, EV =    2.2204460492503131E-015
  diagnostics trigger, Diagnostics =  F
     2    17 0.65154906089158E-01 0.11473034307813    
     6    20 0.10106007357641     0.42300165029178    
     3    17 0.65565086314146E-01 0.18029542939227    
     7    17 0.74332656905685E-01 0.49733430719746    
     1    15 0.49575436988969E-01 0.49575436988969E-01
     4    17 0.68227246111525E-01 0.24852267550380    
     8    17 0.26656928025350E-02 0.50000000000000    
     2    17 0.65154906089158E-01 0.11473034307813    
     5    17 0.73418901211566E-01 0.32194157671536    
  system time =    7.9453643411397934E-003
     5    17 0.73418901211566E-01 0.32194157671536    
     8    17 0.26656928025350E-02 0.50000000000000    
     4    17 0.68227246111525E-01 0.24852267550380    
     6    20 0.10106007357641     0.42300165029178    
     6    20 0.10106007357641     0.42300165029178    
  system time =    1.2381644919514656E-002
     5    17 0.73418901211566E-01 0.32194157671536    
     7    17 0.74332656905685E-01 0.49733430719746    
     7    17 0.74332656905685E-01 0.49733430719746    
     6    20 0.10106007357641     0.42300165029178    
     8    17 0.26656928025350E-02 0.50000000000000    
     8    17 0.26656928025350E-02 0.50000000000000    
  system time =    1.1181425303220749E-002
     7    17 0.74332656905685E-01 0.49733430719746    
  system time =    1.0427366942167282E-002
     8    17 0.26656928025350E-02 0.50000000000000    
  system time =    9.2021450400352478E-003
     3    17 0.65565086314146E-01 0.18029542939227    
     6    20 0.10106007357641     0.42300165029178    
     4    17 0.68227246111525E-01 0.24852267550380    
     7    17 0.74332656905685E-01 0.49733430719746    
     5    17 0.73418901211566E-01 0.32194157671536    
     8    17 0.26656928025350E-02 0.50000000000000    
     6    20 0.10106007357641     0.42300165029178    
  system time =    8.5022002458572388E-003
     7    17 0.74332656905685E-01 0.49733430719746    
     8    17 0.26656928025350E-02 0.50000000000000    
  system time =    8.2538723945617676E-003
