  number of bodies, n =            4
  number of processes =            1
  maximum order of Maclaurin expansion, mo =           28
  Process            0  gets            4  bodies: from            1           4
  time-like interval [tmin,tmax] =    0.0000000000000000       0.50000000000000000     
  print interval, dtout =   -2.5000000000000001E-002
  absolute error limit on velocities, EV =    2.2204460492503131E-015
  diagnostics trigger, Diagnostics =  F
     1    18 0.48564743748070E-01 0.48564743748070E-01
     2    18 0.54831878064121E-01 0.10339662181219    
     3    18 0.62901860255739E-01 0.16629848206793    
     4    18 0.72840556252046E-01 0.23913903831998    
     5    17 0.66929558051526E-01 0.30606859637150    
     6    17 0.63820837326509E-01 0.36988943369801    
     7    17 0.63175277724821E-01 0.43306471142283    
     8    17 0.64832705560364E-01 0.49789741698319    
     9    17 0.21025830168051E-02 0.50000000000000    
  number of bodies, n =            4
  number of processes =            1
  maximum order of Maclaurin expansion, mo =           28
  Process            0  gets            4  bodies: from            1           4
  time-like interval [tmin,tmax] =    0.0000000000000000       0.50000000000000000     
  print interval, dtout =   -2.5000000000000001E-002
  absolute error limit on velocities, EV =    2.2204460492503131E-015
  diagnostics trigger, Diagnostics =  F
  system time =    6.9899577647447586E-003
  number of bodies, n =            4
  number of processes =            1
  maximum order of Maclaurin expansion, mo =           28
  Process            0  gets            4  bodies: from            1           4
  time-like interval [tmin,tmax] =    0.0000000000000000       0.50000000000000000     
  print interval, dtout =   -2.5000000000000001E-002
  absolute error limit on velocities, EV =    2.2204460492503131E-015
  diagnostics trigger, Diagnostics =  F
     1    18 0.48564743748070E-01 0.48564743748070E-01
  number of bodies, n =            4
  number of processes =            1
  maximum order of Maclaurin expansion, mo =           28
  Process            0  gets            4  bodies: from            1           4
  time-like interval [tmin,tmax] =    0.0000000000000000       0.50000000000000000     
  print interval, dtout =   -2.5000000000000001E-002
  absolute error limit on velocities, EV =    2.2204460492503131E-015
  diagnostics trigger, Diagnostics =  F
     2    18 0.54831878064121E-01 0.10339662181219    
  number of bodies, n =            4
  number of processes =            1
  maximum order of Maclaurin expansion, mo =           28
  Process            0  gets            4  bodies: from            1           4
  time-like interval [tmin,tmax] =    0.0000000000000000       0.50000000000000000     
  print interval, dtout =   -2.5000000000000001E-002
  absolute error limit on velocities, EV =    2.2204460492503131E-015
  diagnostics trigger, Diagnostics =  F
  number of bodies, n =            4
  number of processes =            1
  maximum order of Maclaurin expansion, mo =           28
  Process            0  gets            4  bodies: from            1           4
  time-like interval [tmin,tmax] =    0.0000000000000000       0.50000000000000000     
  print interval, dtout =   -2.5000000000000001E-002
  absolute error limit on velocities, EV =    2.2204460492503131E-015
  diagnostics trigger, Diagnostics =  F
  number of bodies, n =            4
  number of processes =            1
  maximum order of Maclaurin expansion, mo =           28
  Process            0  gets            4  bodies: from            1           4
  time-like interval [tmin,tmax] =    0.0000000000000000       0.50000000000000000     
  print interval, dtout =   -2.5000000000000001E-002
  absolute error limit on velocities, EV =    2.2204460492503131E-015
  diagnostics trigger, Diagnostics =  F
     1    18 0.48564743748070E-01 0.48564743748070E-01
     3    18 0.62901860255739E-01 0.16629848206793    
     1    18 0.48564743748070E-01 0.48564743748070E-01
     1    18 0.48564743748070E-01 0.48564743748070E-01
     2    18 0.54831878064121E-01 0.10339662181219    
     1    18 0.48564743748070E-01 0.48564743748070E-01
     4    18 0.72840556252046E-01 0.23913903831998    
     1    18 0.48564743748070E-01 0.48564743748070E-01
     2    18 0.54831878064121E-01 0.10339662181219    
     2    18 0.54831878064121E-01 0.10339662181219    
     3    18 0.62901860255739E-01 0.16629848206793    
     2    18 0.54831878064121E-01 0.10339662181219    
     5    17 0.66929558051526E-01 0.30606859637150    
     2    18 0.54831878064121E-01 0.10339662181219    
     3    18 0.62901860255739E-01 0.16629848206793    
     3    18 0.62901860255739E-01 0.16629848206793    
  number of bodies, n =            4
  number of processes =            1
  maximum order of Maclaurin expansion, mo =           28
  Process            0  gets            4  bodies: from            1           4
  time-like interval [tmin,tmax] =    0.0000000000000000       0.50000000000000000     
  print interval, dtout =   -2.5000000000000001E-002
  absolute error limit on velocities, EV =    2.2204460492503131E-015
  diagnostics trigger, Diagnostics =  F
     4    18 0.72840556252046E-01 0.23913903831998    
     3    18 0.62901860255739E-01 0.16629848206793    
     6    17 0.63820837326509E-01 0.36988943369801    
     3    18 0.62901860255739E-01 0.16629848206793    
     4    18 0.72840556252046E-01 0.23913903831998    
     4    18 0.72840556252046E-01 0.23913903831998    
     5    17 0.66929558051526E-01 0.30606859637150    
     4    18 0.72840556252046E-01 0.23913903831998    
     7    17 0.63175277724821E-01 0.43306471142283    
     4    18 0.72840556252046E-01 0.23913903831998    
     5    17 0.66929558051526E-01 0.30606859637150    
     5    17 0.66929558051526E-01 0.30606859637150    
     1    18 0.48564743748070E-01 0.48564743748070E-01
     6    17 0.63820837326509E-01 0.36988943369801    
     5    17 0.66929558051526E-01 0.30606859637150    
     5    17 0.66929558051526E-01 0.30606859637150    
     8    17 0.64832705560364E-01 0.49789741698319    
     6    17 0.63820837326509E-01 0.36988943369801    
     2    18 0.54831878064121E-01 0.10339662181219    
     7    17 0.63175277724821E-01 0.43306471142283    
     6    17 0.63820837326509E-01 0.36988943369801    
     6    17 0.63820837326509E-01 0.36988943369801    
     6    17 0.63820837326509E-01 0.36988943369801    
     9    17 0.21025830168051E-02 0.50000000000000    
     7    17 0.63175277724821E-01 0.43306471142283    
     3    18 0.62901860255739E-01 0.16629848206793    
     8    17 0.64832705560364E-01 0.49789741698319    
     7    17 0.63175277724821E-01 0.43306471142283    
     7    17 0.63175277724821E-01 0.43306471142283    
  system time =    2.3017957806587219E-002
     8    17 0.64832705560364E-01 0.49789741698319    
     7    17 0.63175277724821E-01 0.43306471142283    
     4    18 0.72840556252046E-01 0.23913903831998    
     8    17 0.64832705560364E-01 0.49789741698319    
     9    17 0.21025830168051E-02 0.50000000000000    
     8    17 0.64832705560364E-01 0.49789741698319    
     9    17 0.21025830168051E-02 0.50000000000000    
     8    17 0.64832705560364E-01 0.49789741698319    
     9    17 0.21025830168051E-02 0.50000000000000    
     9    17 0.21025830168051E-02 0.50000000000000    
     5    17 0.66929558051526E-01 0.30606859637150    
  system time =    1.5430461615324020E-002
     9    17 0.21025830168051E-02 0.50000000000000    
  system time =    1.4689231291413307E-002
  system time =    1.4404315501451492E-002
  system time =    1.3407675549387932E-002
     6    17 0.63820837326509E-01 0.36988943369801    
  system time =    1.3768402859568596E-002
     7    17 0.63175277724821E-01 0.43306471142283    
     8    17 0.64832705560364E-01 0.49789741698319    
     9    17 0.21025830168051E-02 0.50000000000000    
  system time =    1.0747684165835381E-002
