  number of bodies, n =            8
  number of processes =            1
  maximum order of Maclaurin expansion, mo =           28
  Process            0  gets            8  bodies: from            1           8
  number of bodies, n =            8
  number of processes =            1
  maximum order of Maclaurin expansion, mo =           28
  Process            0  gets            8  bodies: from            1           8
  number of bodies, n =            8
  number of processes =            1
  maximum order of Maclaurin expansion, mo =           28
  Process            0  gets            8  bodies: from            1           8
  number of bodies, n =            8
  number of processes =            1
  maximum order of Maclaurin expansion, mo =           28
  Process            0  gets            8  bodies: from            1           8
  number of bodies, n =            8
  number of processes =            1
  maximum order of Maclaurin expansion, mo =           28
  Process            0  gets            8  bodies: from            1           8
  time-like interval [tmin,tmax] =    0.0000000000000000       0.50000000000000000     
  print interval, dtout =   -2.5000000000000001E-002
  absolute error limit on velocities, EV =    2.2204460492503131E-015
  diagnostics trigger, Diagnostics =  F
     1    15 0.49575436988969E-01 0.49575436988969E-01
     2    17 0.65154906089158E-01 0.11473034307813    
     3    17 0.65565086314146E-01 0.18029542939227    
  number of bodies, n =            8
  number of processes =            1
  maximum order of Maclaurin expansion, mo =           28
  Process            0  gets            8  bodies: from            1           8
  time-like interval [tmin,tmax] =    0.0000000000000000       0.50000000000000000     
  print interval, dtout =   -2.5000000000000001E-002
  absolute error limit on velocities, EV =    2.2204460492503131E-015
  diagnostics trigger, Diagnostics =  F
     4    17 0.68227246111525E-01 0.24852267550380    
     5    17 0.73418901211566E-01 0.32194157671536    
     1    15 0.49575436988969E-01 0.49575436988969E-01
     6    20 0.10106007357641     0.42300165029178    
     2    17 0.65154906089158E-01 0.11473034307813    
     7    17 0.74332656905685E-01 0.49733430719746    
     3    17 0.65565086314146E-01 0.18029542939227    
     8    17 0.26656928025350E-02 0.50000000000000    
  number of bodies, n =            8
  number of processes =            1
  maximum order of Maclaurin expansion, mo =           28
  Process            0  gets            8  bodies: from            1           8
  time-like interval [tmin,tmax] =    0.0000000000000000       0.50000000000000000     
  print interval, dtout =   -2.5000000000000001E-002
  absolute error limit on velocities, EV =    2.2204460492503131E-015
  diagnostics trigger, Diagnostics =  F
     1    15 0.49575436988969E-01 0.49575436988969E-01
     2    17 0.65154906089158E-01 0.11473034307813    
     3    17 0.65565086314146E-01 0.18029542939227    
  number of bodies, n =            8
  number of processes =            1
  maximum order of Maclaurin expansion, mo =           28
  Process            0  gets            8  bodies: from            1           8
  time-like interval [tmin,tmax] =    0.0000000000000000       0.50000000000000000     
  print interval, dtout =   -2.5000000000000001E-002
  absolute error limit on velocities, EV =    2.2204460492503131E-015
  diagnostics trigger, Diagnostics =  F
     4    17 0.68227246111525E-01 0.24852267550380    
     5    17 0.73418901211566E-01 0.32194157671536    
     6    20 0.10106007357641     0.42300165029178    
     1    15 0.49575436988969E-01 0.49575436988969E-01
     7    17 0.74332656905685E-01 0.49733430719746    
     2    17 0.65154906089158E-01 0.11473034307813    
     8    17 0.26656928025350E-02 0.50000000000000    
     3    17 0.65565086314146E-01 0.18029542939227    
  number of bodies, n =            8
  number of processes =            1
  maximum order of Maclaurin expansion, mo =           28
  Process            0  gets            8  bodies: from            1           8
  time-like interval [tmin,tmax] =    0.0000000000000000       0.50000000000000000     
  print interval, dtout =   -2.5000000000000001E-002
  absolute error limit on velocities, EV =    2.2204460492503131E-015
  diagnostics trigger, Diagnostics =  F
     1    15 0.49575436988969E-01 0.49575436988969E-01
     2    17 0.65154906089158E-01 0.11473034307813    
     3    17 0.65565086314146E-01 0.18029542939227    
     4    17 0.68227246111525E-01 0.24852267550380    
     5    17 0.73418901211566E-01 0.32194157671536    
     6    20 0.10106007357641     0.42300165029178    
     7    17 0.74332656905685E-01 0.49733430719746    
  number of bodies, n =            8
  number of processes =            1
  maximum order of Maclaurin expansion, mo =           28
  Process            0  gets            8  bodies: from            1           8
  time-like interval [tmin,tmax] =    0.0000000000000000       0.50000000000000000     
  print interval, dtout =   -2.5000000000000001E-002
  absolute error limit on velocities, EV =    2.2204460492503131E-015
  diagnostics trigger, Diagnostics =  F
     8    17 0.26656928025350E-02 0.50000000000000    
     1    15 0.49575436988969E-01 0.49575436988969E-01
  system time =    8.8545028120279312E-003
     2    17 0.65154906089158E-01 0.11473034307813    
  time-like interval [tmin,tmax] =    0.0000000000000000       0.50000000000000000     
  print interval, dtout =   -2.5000000000000001E-002
  absolute error limit on velocities, EV =    2.2204460492503131E-015
  diagnostics trigger, Diagnostics =  F
     1    15 0.49575436988969E-01 0.49575436988969E-01
     2    17 0.65154906089158E-01 0.11473034307813    
  number of bodies, n =            8
  number of processes =            1
  maximum order of Maclaurin expansion, mo =           28
  Process            0  gets            8  bodies: from            1           8
  time-like interval [tmin,tmax] =    0.0000000000000000       0.50000000000000000     
  print interval, dtout =   -2.5000000000000001E-002
  absolute error limit on velocities, EV =    2.2204460492503131E-015
  diagnostics trigger, Diagnostics =  F
     3    17 0.65565086314146E-01 0.18029542939227    
  time-like interval [tmin,tmax] =    0.0000000000000000       0.50000000000000000     
     4    17 0.68227246111525E-01 0.24852267550380    
  print interval, dtout =   -2.5000000000000001E-002
     5    17 0.73418901211566E-01 0.32194157671536    
  absolute error limit on velocities, EV =    2.2204460492503131E-015
  diagnostics trigger, Diagnostics =  F
     1    15 0.49575436988969E-01 0.49575436988969E-01
     1    15 0.49575436988969E-01 0.49575436988969E-01
     6    20 0.10106007357641     0.42300165029178    
  number of bodies, n =            8
  number of processes =            1
  maximum order of Maclaurin expansion, mo =           28
  Process            0  gets            8  bodies: from            1           8
     2    17 0.65154906089158E-01 0.11473034307813    
  time-like interval [tmin,tmax] =    0.0000000000000000       0.50000000000000000     
     7    17 0.74332656905685E-01 0.49733430719746    
  print interval, dtout =   -2.5000000000000001E-002
     3    17 0.65565086314146E-01 0.18029542939227    
  absolute error limit on velocities, EV =    2.2204460492503131E-015
  diagnostics trigger, Diagnostics =  F
     8    17 0.26656928025350E-02 0.50000000000000    
     2    17 0.65154906089158E-01 0.11473034307813    
     3    17 0.65565086314146E-01 0.18029542939227    
     1    15 0.49575436988969E-01 0.49575436988969E-01
     4    17 0.68227246111525E-01 0.24852267550380    
     2    17 0.65154906089158E-01 0.11473034307813    
     5    17 0.73418901211566E-01 0.32194157671536    
     3    17 0.65565086314146E-01 0.18029542939227    
     6    20 0.10106007357641     0.42300165029178    
     4    17 0.68227246111525E-01 0.24852267550380    
     7    17 0.74332656905685E-01 0.49733430719746    
  time-like interval [tmin,tmax] =    0.0000000000000000       0.50000000000000000     
  print interval, dtout =   -2.5000000000000001E-002
  absolute error limit on velocities, EV =    2.2204460492503131E-015
  diagnostics trigger, Diagnostics =  F
  number of bodies, n =            8
  number of processes =            1
  maximum order of Maclaurin expansion, mo =           28
  Process            0  gets            8  bodies: from            1           8
  time-like interval [tmin,tmax] =    0.0000000000000000       0.50000000000000000     
  print interval, dtout =   -2.5000000000000001E-002
  absolute error limit on velocities, EV =    2.2204460492503131E-015
  diagnostics trigger, Diagnostics =  F
     1    15 0.49575436988969E-01 0.49575436988969E-01
     1    15 0.49575436988969E-01 0.49575436988969E-01
     2    17 0.65154906089158E-01 0.11473034307813    
     2    17 0.65154906089158E-01 0.11473034307813    
     3    17 0.65565086314146E-01 0.18029542939227    
     3    17 0.65565086314146E-01 0.18029542939227    
     4    17 0.68227246111525E-01 0.24852267550380    
     4    17 0.68227246111525E-01 0.24852267550380    
     5    17 0.73418901211566E-01 0.32194157671536    
     5    17 0.73418901211566E-01 0.32194157671536    
     6    20 0.10106007357641     0.42300165029178    
  time-like interval [tmin,tmax] =    0.0000000000000000       0.50000000000000000     
  print interval, dtout =   -2.5000000000000001E-002
  absolute error limit on velocities, EV =    2.2204460492503131E-015
  diagnostics trigger, Diagnostics =  F
     1    15 0.49575436988969E-01 0.49575436988969E-01
     2    17 0.65154906089158E-01 0.11473034307813    
  number of bodies, n =            8
  number of processes =            1
  maximum order of Maclaurin expansion, mo =           28
  Process            0  gets            8  bodies: from            1           8
  time-like interval [tmin,tmax] =    0.0000000000000000       0.50000000000000000     
  print interval, dtout =   -2.5000000000000001E-002
  absolute error limit on velocities, EV =    2.2204460492503131E-015
  diagnostics trigger, Diagnostics =  F
     3    17 0.65565086314146E-01 0.18029542939227    
     4    17 0.68227246111525E-01 0.24852267550380    
     1    15 0.49575436988969E-01 0.49575436988969E-01
     5    17 0.73418901211566E-01 0.32194157671536    
     2    17 0.65154906089158E-01 0.11473034307813    
     6    20 0.10106007357641     0.42300165029178    
     3    17 0.65565086314146E-01 0.18029542939227    
     7    17 0.74332656905685E-01 0.49733430719746    
     4    17 0.68227246111525E-01 0.24852267550380    
     4    17 0.68227246111525E-01 0.24852267550380    
  system time =    9.7466390579938889E-003
     5    17 0.73418901211566E-01 0.32194157671536    
     6    20 0.10106007357641     0.42300165029178    
  number of bodies, n =            8
  number of processes =            1
  maximum order of Maclaurin expansion, mo =           28
  Process            0  gets            8  bodies: from            1           8
  time-like interval [tmin,tmax] =    0.0000000000000000       0.50000000000000000     
  print interval, dtout =   -2.5000000000000001E-002
  absolute error limit on velocities, EV =    2.2204460492503131E-015
  diagnostics trigger, Diagnostics =  F
     7    17 0.74332656905685E-01 0.49733430719746    
     8    17 0.26656928025350E-02 0.50000000000000    
     1    15 0.49575436988969E-01 0.49575436988969E-01
  system time =    8.4905978292226791E-003
     2    17 0.65154906089158E-01 0.11473034307813    
     3    17 0.65565086314146E-01 0.18029542939227    
     4    17 0.68227246111525E-01 0.24852267550380    
     5    17 0.73418901211566E-01 0.32194157671536    
     6    20 0.10106007357641     0.42300165029178    
     7    17 0.74332656905685E-01 0.49733430719746    
  number of bodies, n =            8
  number of processes =            1
  maximum order of Maclaurin expansion, mo =           28
  Process            0  gets            8  bodies: from            1           8
  time-like interval [tmin,tmax] =    0.0000000000000000       0.50000000000000000     
  print interval, dtout =   -2.5000000000000001E-002
  absolute error limit on velocities, EV =    2.2204460492503131E-015
  diagnostics trigger, Diagnostics =  F
     4    17 0.68227246111525E-01 0.24852267550380    
  system time =    7.7634174376726151E-003
     5    17 0.73418901211566E-01 0.32194157671536    
     6    20 0.10106007357641     0.42300165029178    
     7    17 0.74332656905685E-01 0.49733430719746    
     8    17 0.26656928025350E-02 0.50000000000000    
  system time =    6.9287642836570740E-003
  number of bodies, n =            8
  number of processes =            1
  maximum order of Maclaurin expansion, mo =           28
  Process            0  gets            8  bodies: from            1           8
  time-like interval [tmin,tmax] =    0.0000000000000000       0.50000000000000000     
  print interval, dtout =   -2.5000000000000001E-002
  absolute error limit on velocities, EV =    2.2204460492503131E-015
  diagnostics trigger, Diagnostics =  F
     1    15 0.49575436988969E-01 0.49575436988969E-01
     2    17 0.65154906089158E-01 0.11473034307813    
     3    17 0.65565086314146E-01 0.18029542939227    
     4    17 0.68227246111525E-01 0.24852267550380    
  number of bodies, n =            8
  number of processes =            1
  maximum order of Maclaurin expansion, mo =           28
  Process            0  gets            8  bodies: from            1           8
  time-like interval [tmin,tmax] =    0.0000000000000000       0.50000000000000000     
  print interval, dtout =   -2.5000000000000001E-002
  absolute error limit on velocities, EV =    2.2204460492503131E-015
  diagnostics trigger, Diagnostics =  F
  system time =    9.3270707875490189E-003
     4    17 0.68227246111525E-01 0.24852267550380    
     5    17 0.73418901211566E-01 0.32194157671536    
     6    20 0.10106007357641     0.42300165029178    
     7    17 0.74332656905685E-01 0.49733430719746    
     8    17 0.26656928025350E-02 0.50000000000000    
  system time =    8.1532262265682220E-003
  number of bodies, n =            8
  number of processes =            1
  maximum order of Maclaurin expansion, mo =           28
  Process            0  gets            8  bodies: from            1           8
  time-like interval [tmin,tmax] =    0.0000000000000000       0.50000000000000000     
  print interval, dtout =   -2.5000000000000001E-002
  absolute error limit on velocities, EV =    2.2204460492503131E-015
  diagnostics trigger, Diagnostics =  F
     1    15 0.49575436988969E-01 0.49575436988969E-01
     2    17 0.65154906089158E-01 0.11473034307813    
     3    17 0.65565086314146E-01 0.18029542939227    
     4    17 0.68227246111525E-01 0.24852267550380    
     5    17 0.73418901211566E-01 0.32194157671536    
  number of bodies, n =            8
  number of processes =            1
  maximum order of Maclaurin expansion, mo =           28
  Process            0  gets            8  bodies: from            1           8
  time-like interval [tmin,tmax] =    0.0000000000000000       0.50000000000000000     
  print interval, dtout =   -2.5000000000000001E-002
  absolute error limit on velocities, EV =    2.2204460492503131E-015
  diagnostics trigger, Diagnostics =  F
     5    17 0.73418901211566E-01 0.32194157671536    
     8    17 0.26656928025350E-02 0.50000000000000    
     6    20 0.10106007357641     0.42300165029178    
  system time =    9.9260285496711731E-003
     7    17 0.74332656905685E-01 0.49733430719746    
     8    17 0.26656928025350E-02 0.50000000000000    
  system time =    8.5781831294298172E-003
  number of bodies, n =            8
  number of processes =            1
  maximum order of Maclaurin expansion, mo =           28
  Process            0  gets            8  bodies: from            1           8
  time-like interval [tmin,tmax] =    0.0000000000000000       0.50000000000000000     
  print interval, dtout =   -2.5000000000000001E-002
  absolute error limit on velocities, EV =    2.2204460492503131E-015
  diagnostics trigger, Diagnostics =  F
     1    15 0.49575436988969E-01 0.49575436988969E-01
     2    17 0.65154906089158E-01 0.11473034307813    
     3    17 0.65565086314146E-01 0.18029542939227    
     4    17 0.68227246111525E-01 0.24852267550380    
  number of bodies, n =            8
  number of processes =            1
  maximum order of Maclaurin expansion, mo =           28
  Process            0  gets            8  bodies: from            1           8
  time-like interval [tmin,tmax] =    0.0000000000000000       0.50000000000000000     
  print interval, dtout =   -2.5000000000000001E-002
  absolute error limit on velocities, EV =    2.2204460492503131E-015
  diagnostics trigger, Diagnostics =  F
     8    17 0.26656928025350E-02 0.50000000000000    
     5    17 0.73418901211566E-01 0.32194157671536    
  system time =    8.7474286556243896E-003
     6    20 0.10106007357641     0.42300165029178    
     7    17 0.74332656905685E-01 0.49733430719746    
     8    17 0.26656928025350E-02 0.50000000000000    
  system time =    8.3159264177083969E-003
  number of bodies, n =            8
  number of processes =            1
  maximum order of Maclaurin expansion, mo =           28
  Process            0  gets            8  bodies: from            1           8
  time-like interval [tmin,tmax] =    0.0000000000000000       0.50000000000000000     
  print interval, dtout =   -2.5000000000000001E-002
  absolute error limit on velocities, EV =    2.2204460492503131E-015
  diagnostics trigger, Diagnostics =  F
     1    15 0.49575436988969E-01 0.49575436988969E-01
     2    17 0.65154906089158E-01 0.11473034307813    
     3    17 0.65565086314146E-01 0.18029542939227    
     4    17 0.68227246111525E-01 0.24852267550380    
     5    17 0.73418901211566E-01 0.32194157671536    
  number of bodies, n =            8
  number of processes =            1
  maximum order of Maclaurin expansion, mo =           28
  Process            0  gets            8  bodies: from            1           8
  time-like interval [tmin,tmax] =    0.0000000000000000       0.50000000000000000     
  print interval, dtout =   -2.5000000000000001E-002
  absolute error limit on velocities, EV =    2.2204460492503131E-015
  diagnostics trigger, Diagnostics =  F
     8    17 0.26656928025350E-02 0.50000000000000    
  system time =    6.9919079542160034E-003
     1    15 0.49575436988969E-01 0.49575436988969E-01
     2    17 0.65154906089158E-01 0.11473034307813    
     3    17 0.65565086314146E-01 0.18029542939227    
     4    17 0.68227246111525E-01 0.24852267550380    
     5    17 0.73418901211566E-01 0.32194157671536    
     6    20 0.10106007357641     0.42300165029178    
     7    17 0.74332656905685E-01 0.49733430719746    
     8    17 0.26656928025350E-02 0.50000000000000    
  system time =    7.6105110347270966E-003
  number of bodies, n =            8
  number of processes =            1
  maximum order of Maclaurin expansion, mo =           28
  Process            0  gets            8  bodies: from            1           8
  time-like interval [tmin,tmax] =    0.0000000000000000       0.50000000000000000     
  print interval, dtout =   -2.5000000000000001E-002
  absolute error limit on velocities, EV =    2.2204460492503131E-015
  diagnostics trigger, Diagnostics =  F
     1    15 0.49575436988969E-01 0.49575436988969E-01
     2    17 0.65154906089158E-01 0.11473034307813    
     3    17 0.65565086314146E-01 0.18029542939227    
     4    17 0.68227246111525E-01 0.24852267550380    
     5    17 0.73418901211566E-01 0.32194157671536    
     6    20 0.10106007357641     0.42300165029178    
     1    15 0.49575436988969E-01 0.49575436988969E-01
     7    17 0.74332656905685E-01 0.49733430719746    
     2    17 0.65154906089158E-01 0.11473034307813    
     8    17 0.26656928025350E-02 0.50000000000000    
     3    17 0.65565086314146E-01 0.18029542939227    
  system time =    7.2301607578992844E-003
     4    17 0.68227246111525E-01 0.24852267550380    
     5    17 0.73418901211566E-01 0.32194157671536    
     6    20 0.10106007357641     0.42300165029178    
     7    17 0.74332656905685E-01 0.49733430719746    
     8    17 0.26656928025350E-02 0.50000000000000    
  system time =    6.7004784941673279E-003
  number of bodies, n =            8
  number of processes =            1
  maximum order of Maclaurin expansion, mo =           28
  Process            0  gets            8  bodies: from            1           8
  time-like interval [tmin,tmax] =    0.0000000000000000       0.50000000000000000     
  print interval, dtout =   -2.5000000000000001E-002
  absolute error limit on velocities, EV =    2.2204460492503131E-015
  diagnostics trigger, Diagnostics =  F
     1    15 0.49575436988969E-01 0.49575436988969E-01
     6    20 0.10106007357641     0.42300165029178    
     7    17 0.74332656905685E-01 0.49733430719746    
     1    15 0.49575436988969E-01 0.49575436988969E-01
     8    17 0.26656928025350E-02 0.50000000000000    
     2    17 0.65154906089158E-01 0.11473034307813    
  system time =    7.5887683779001236E-003
     3    17 0.65565086314146E-01 0.18029542939227    
     4    17 0.68227246111525E-01 0.24852267550380    
  number of bodies, n =            8
  number of processes =            1
  maximum order of Maclaurin expansion, mo =           28
  Process            0  gets            8  bodies: from            1           8
  time-like interval [tmin,tmax] =    0.0000000000000000       0.50000000000000000     
  print interval, dtout =   -2.5000000000000001E-002
  absolute error limit on velocities, EV =    2.2204460492503131E-015
  diagnostics trigger, Diagnostics =  F
     5    17 0.73418901211566E-01 0.32194157671536    
     6    20 0.10106007357641     0.42300165029178    
     1    15 0.49575436988969E-01 0.49575436988969E-01
     7    17 0.74332656905685E-01 0.49733430719746    
     2    17 0.65154906089158E-01 0.11473034307813    
     8    17 0.26656928025350E-02 0.50000000000000    
     3    17 0.65565086314146E-01 0.18029542939227    
     6    20 0.10106007357641     0.42300165029178    
     7    17 0.74332656905685E-01 0.49733430719746    
     7    17 0.74332656905685E-01 0.49733430719746    
     8    17 0.26656928025350E-02 0.50000000000000    
     8    17 0.26656928025350E-02 0.50000000000000    
  system time =    7.0216376334428787E-003
  system time =    6.9516655057668686E-003
  number of bodies, n =            8
  number of processes =            1
  maximum order of Maclaurin expansion, mo =           28
  Process            0  gets            8  bodies: from            1           8
  time-like interval [tmin,tmax] =    0.0000000000000000       0.50000000000000000     
  print interval, dtout =   -2.5000000000000001E-002
  absolute error limit on velocities, EV =    2.2204460492503131E-015
  diagnostics trigger, Diagnostics =  F
     1    15 0.49575436988969E-01 0.49575436988969E-01
     2    17 0.65154906089158E-01 0.11473034307813    
     3    17 0.65565086314146E-01 0.18029542939227    
     4    17 0.68227246111525E-01 0.24852267550380    
     5    17 0.73418901211566E-01 0.32194157671536    
     6    20 0.10106007357641     0.42300165029178    
     7    17 0.74332656905685E-01 0.49733430719746    
     8    17 0.26656928025350E-02 0.50000000000000    
     3    17 0.65565086314146E-01 0.18029542939227    
     4    17 0.68227246111525E-01 0.24852267550380    
     5    17 0.73418901211566E-01 0.32194157671536    
     6    20 0.10106007357641     0.42300165029178    
     7    17 0.74332656905685E-01 0.49733430719746    
     8    17 0.26656928025350E-02 0.50000000000000    
  system time =    7.3845721781253815E-003
  number of bodies, n =            8
  number of processes =            1
  maximum order of Maclaurin expansion, mo =           28
  Process            0  gets            8  bodies: from            1           8
  time-like interval [tmin,tmax] =    0.0000000000000000       0.50000000000000000     
  print interval, dtout =   -2.5000000000000001E-002
  absolute error limit on velocities, EV =    2.2204460492503131E-015
  diagnostics trigger, Diagnostics =  F
     1    15 0.49575436988969E-01 0.49575436988969E-01
     2    17 0.65154906089158E-01 0.11473034307813    
     3    17 0.65565086314146E-01 0.18029542939227    
     4    17 0.68227246111525E-01 0.24852267550380    
     5    17 0.73418901211566E-01 0.32194157671536    
  number of bodies, n =            8
  number of processes =            1
  maximum order of Maclaurin expansion, mo =           28
  Process            0  gets            8  bodies: from            1           8
  time-like interval [tmin,tmax] =    0.0000000000000000       0.50000000000000000     
  print interval, dtout =   -2.5000000000000001E-002
  absolute error limit on velocities, EV =    2.2204460492503131E-015
  diagnostics trigger, Diagnostics =  F
     6    20 0.10106007357641     0.42300165029178    
     7    17 0.74332656905685E-01 0.49733430719746    
     1    15 0.49575436988969E-01 0.49575436988969E-01
     8    17 0.26656928025350E-02 0.50000000000000    
     2    17 0.65154906089158E-01 0.11473034307813    
  system time =    8.0675687640905380E-003
     6    20 0.10106007357641     0.42300165029178    
     7    17 0.74332656905685E-01 0.49733430719746    
     1    15 0.49575436988969E-01 0.49575436988969E-01
     8    17 0.26656928025350E-02 0.50000000000000    
     2    17 0.65154906089158E-01 0.11473034307813    
     3    17 0.65565086314146E-01 0.18029542939227    
  system time =    7.5460746884346008E-003
     3    17 0.65565086314146E-01 0.18029542939227    
     4    17 0.68227246111525E-01 0.24852267550380    
     5    17 0.73418901211566E-01 0.32194157671536    
     6    20 0.10106007357641     0.42300165029178    
     7    17 0.74332656905685E-01 0.49733430719746    
     8    17 0.26656928025350E-02 0.50000000000000    
  system time =    6.7459493875503540E-003
  number of bodies, n =            8
  number of processes =            1
  maximum order of Maclaurin expansion, mo =           28
  Process            0  gets            8  bodies: from            1           8
  time-like interval [tmin,tmax] =    0.0000000000000000       0.50000000000000000     
  print interval, dtout =   -2.5000000000000001E-002
  absolute error limit on velocities, EV =    2.2204460492503131E-015
  diagnostics trigger, Diagnostics =  F
  number of bodies, n =            8
  number of processes =            1
  maximum order of Maclaurin expansion, mo =           28
  Process            0  gets            8  bodies: from            1           8
  time-like interval [tmin,tmax] =    0.0000000000000000       0.50000000000000000     
  print interval, dtout =   -2.5000000000000001E-002
  absolute error limit on velocities, EV =    2.2204460492503131E-015
  diagnostics trigger, Diagnostics =  F
  number of bodies, n =            8
  number of processes =            1
  maximum order of Maclaurin expansion, mo =           28
  Process            0  gets            8  bodies: from            1           8
  system time =    7.0763397961854935E-003
  number of bodies, n =            8
  number of processes =            1
  maximum order of Maclaurin expansion, mo =           28
  Process            0  gets            8  bodies: from            1           8
  time-like interval [tmin,tmax] =    0.0000000000000000       0.50000000000000000     
  print interval, dtout =   -2.5000000000000001E-002
  absolute error limit on velocities, EV =    2.2204460492503131E-015
  diagnostics trigger, Diagnostics =  F
     1    15 0.49575436988969E-01 0.49575436988969E-01
  number of bodies, n =            8
  number of processes =            1
  maximum order of Maclaurin expansion, mo =           28
  Process            0  gets            8  bodies: from            1           8
  time-like interval [tmin,tmax] =    0.0000000000000000       0.50000000000000000     
     4    17 0.68227246111525E-01 0.24852267550380    
  print interval, dtout =   -2.5000000000000001E-002
  absolute error limit on velocities, EV =    2.2204460492503131E-015
  diagnostics trigger, Diagnostics =  F
     2    17 0.65154906089158E-01 0.11473034307813    
  number of bodies, n =            8
  number of processes =            1
  maximum order of Maclaurin expansion, mo =           28
  Process            0  gets            8  bodies: from            1           8
  time-like interval [tmin,tmax] =    0.0000000000000000       0.50000000000000000     
  print interval, dtout =   -2.5000000000000001E-002
  absolute error limit on velocities, EV =    2.2204460492503131E-015
  diagnostics trigger, Diagnostics =  F
     5    17 0.73418901211566E-01 0.32194157671536    
     2    17 0.65154906089158E-01 0.11473034307813    
     3    17 0.65565086314146E-01 0.18029542939227    
     4    17 0.68227246111525E-01 0.24852267550380    
     5    17 0.73418901211566E-01 0.32194157671536    
  number of bodies, n =            8
  number of processes =            1
  maximum order of Maclaurin expansion, mo =           28
  Process            0  gets            8  bodies: from            1           8
  time-like interval [tmin,tmax] =    0.0000000000000000       0.50000000000000000     
  print interval, dtout =   -2.5000000000000001E-002
  absolute error limit on velocities, EV =    2.2204460492503131E-015
     5    17 0.73418901211566E-01 0.32194157671536    
  diagnostics trigger, Diagnostics =  F
     6    20 0.10106007357641     0.42300165029178    
     6    20 0.10106007357641     0.42300165029178    
     1    15 0.49575436988969E-01 0.49575436988969E-01
     7    17 0.74332656905685E-01 0.49733430719746    
     7    17 0.74332656905685E-01 0.49733430719746    
     1    15 0.49575436988969E-01 0.49575436988969E-01
     2    17 0.65154906089158E-01 0.11473034307813    
     8    17 0.26656928025350E-02 0.50000000000000    
     8    17 0.26656928025350E-02 0.50000000000000    
     2    17 0.65154906089158E-01 0.11473034307813    
     3    17 0.65565086314146E-01 0.18029542939227    
  system time =    8.1815999001264572E-003
  system time =    8.1534590572118759E-003
     3    17 0.65565086314146E-01 0.18029542939227    
     4    17 0.68227246111525E-01 0.24852267550380    
     4    17 0.68227246111525E-01 0.24852267550380    
     5    17 0.73418901211566E-01 0.32194157671536    
     5    17 0.73418901211566E-01 0.32194157671536    
     6    20 0.10106007357641     0.42300165029178    
     6    20 0.10106007357641     0.42300165029178    
     7    17 0.74332656905685E-01 0.49733430719746    
     7    17 0.74332656905685E-01 0.49733430719746    
     8    17 0.26656928025350E-02 0.50000000000000    
  system time =    6.3228774815797806E-003
  number of bodies, n =            8
  number of processes =            1
  maximum order of Maclaurin expansion, mo =           28
  Process            0  gets            8  bodies: from            1           8
  time-like interval [tmin,tmax] =    0.0000000000000000       0.50000000000000000     
  print interval, dtout =   -2.5000000000000001E-002
  absolute error limit on velocities, EV =    2.2204460492503131E-015
  diagnostics trigger, Diagnostics =  F
     1    15 0.49575436988969E-01 0.49575436988969E-01
  number of bodies, n =            8
  number of processes =            1
  maximum order of Maclaurin expansion, mo =           28
  Process            0  gets            8  bodies: from            1           8
  time-like interval [tmin,tmax] =    0.0000000000000000       0.50000000000000000     
  print interval, dtout =   -2.5000000000000001E-002
  absolute error limit on velocities, EV =    2.2204460492503131E-015
  diagnostics trigger, Diagnostics =  F
  number of bodies, n =            8
  number of processes =            1
  maximum order of Maclaurin expansion, mo =           28
  Process            0  gets            8  bodies: from            1           8
  time-like interval [tmin,tmax] =    0.0000000000000000       0.50000000000000000     
  print interval, dtout =   -2.5000000000000001E-002
  absolute error limit on velocities, EV =    2.2204460492503131E-015
  diagnostics trigger, Diagnostics =  F
     6    20 0.10106007357641     0.42300165029178    
     5    17 0.73418901211566E-01 0.32194157671536    
     6    20 0.10106007357641     0.42300165029178    
     7    17 0.74332656905685E-01 0.49733430719746    
     8    17 0.26656928025350E-02 0.50000000000000    
  system time =    7.2534549981355667E-003
  number of bodies, n =            8
  number of processes =            1
  maximum order of Maclaurin expansion, mo =           28
  Process            0  gets            8  bodies: from            1           8
  time-like interval [tmin,tmax] =    0.0000000000000000       0.50000000000000000     
  print interval, dtout =   -2.5000000000000001E-002
  absolute error limit on velocities, EV =    2.2204460492503131E-015
  diagnostics trigger, Diagnostics =  F
     1    15 0.49575436988969E-01 0.49575436988969E-01
     2    17 0.65154906089158E-01 0.11473034307813    
     3    17 0.65565086314146E-01 0.18029542939227    
     4    17 0.68227246111525E-01 0.24852267550380    
     5    17 0.73418901211566E-01 0.32194157671536    
     6    20 0.10106007357641     0.42300165029178    
     7    17 0.74332656905685E-01 0.49733430719746    
     8    17 0.26656928025350E-02 0.50000000000000    
  system time =    7.2051417082548141E-003
  number of bodies, n =            8
  number of processes =            1
  maximum order of Maclaurin expansion, mo =           28
  Process            0  gets            8  bodies: from            1           8
  time-like interval [tmin,tmax] =    0.0000000000000000       0.50000000000000000     
  print interval, dtout =   -2.5000000000000001E-002
  absolute error limit on velocities, EV =    2.2204460492503131E-015
  diagnostics trigger, Diagnostics =  F
     7    17 0.74332656905685E-01 0.49733430719746    
     1    15 0.49575436988969E-01 0.49575436988969E-01
     8    17 0.26656928025350E-02 0.50000000000000    
     1    15 0.49575436988969E-01 0.49575436988969E-01
     2    17 0.65154906089158E-01 0.11473034307813    
  system time =    7.7679604291915894E-003
     3    17 0.65565086314146E-01 0.18029542939227    
     2    17 0.65154906089158E-01 0.11473034307813    
  time-like interval [tmin,tmax] =    0.0000000000000000       0.50000000000000000     
  print interval, dtout =   -2.5000000000000001E-002
  absolute error limit on velocities, EV =    2.2204460492503131E-015
  diagnostics trigger, Diagnostics =  F
  number of bodies, n =            8
  number of processes =            1
  maximum order of Maclaurin expansion, mo =           28
  Process            0  gets            8  bodies: from            1           8
  time-like interval [tmin,tmax] =    0.0000000000000000       0.50000000000000000     
  print interval, dtout =   -2.5000000000000001E-002
  absolute error limit on velocities, EV =    2.2204460492503131E-015
  diagnostics trigger, Diagnostics =  F
  number of bodies, n =            8
  number of processes =            1
  maximum order of Maclaurin expansion, mo =           28
  Process            0  gets            8  bodies: from            1           8
  time-like interval [tmin,tmax] =    0.0000000000000000       0.50000000000000000     
  print interval, dtout =   -2.5000000000000001E-002
  absolute error limit on velocities, EV =    2.2204460492503131E-015
  diagnostics trigger, Diagnostics =  F
     1    15 0.49575436988969E-01 0.49575436988969E-01
     1    15 0.49575436988969E-01 0.49575436988969E-01
     1    15 0.49575436988969E-01 0.49575436988969E-01
     4    17 0.68227246111525E-01 0.24852267550380    
     3    17 0.65565086314146E-01 0.18029542939227    
     8    17 0.26656928025350E-02 0.50000000000000    
  number of bodies, n =            8
  number of processes =            1
  maximum order of Maclaurin expansion, mo =           28
  Process            0  gets            8  bodies: from            1           8
  number of bodies, n =            8
  number of processes =            1
  maximum order of Maclaurin expansion, mo =           28
  Process            0  gets            8  bodies: from            1           8
  time-like interval [tmin,tmax] =    0.0000000000000000       0.50000000000000000     
  print interval, dtout =   -2.5000000000000001E-002
  absolute error limit on velocities, EV =    2.2204460492503131E-015
  diagnostics trigger, Diagnostics =  F
  time-like interval [tmin,tmax] =    0.0000000000000000       0.50000000000000000     
  print interval, dtout =   -2.5000000000000001E-002
  absolute error limit on velocities, EV =    2.2204460492503131E-015
  diagnostics trigger, Diagnostics =  F
  system time =    7.3799118399620056E-003
     1    15 0.49575436988969E-01 0.49575436988969E-01
     1    15 0.49575436988969E-01 0.49575436988969E-01
     2    17 0.65154906089158E-01 0.11473034307813    
     2    17 0.65154906089158E-01 0.11473034307813    
     3    17 0.65565086314146E-01 0.18029542939227    
     5    17 0.73418901211566E-01 0.32194157671536    
     4    17 0.68227246111525E-01 0.24852267550380    
  system time =    7.7134259045124054E-003
     4    17 0.68227246111525E-01 0.24852267550380    
     5    17 0.73418901211566E-01 0.32194157671536    
     6    20 0.10106007357641     0.42300165029178    
     7    17 0.74332656905685E-01 0.49733430719746    
     8    17 0.26656928025350E-02 0.50000000000000    
  system time =    8.4249712526798248E-003
  number of bodies, n =            8
  number of processes =            1
  maximum order of Maclaurin expansion, mo =           28
  Process            0  gets            8  bodies: from            1           8
  time-like interval [tmin,tmax] =    0.0000000000000000       0.50000000000000000     
     3    17 0.65565086314146E-01 0.18029542939227    
  print interval, dtout =   -2.5000000000000001E-002
     1    15 0.49575436988969E-01 0.49575436988969E-01
  absolute error limit on velocities, EV =    2.2204460492503131E-015
  diagnostics trigger, Diagnostics =  F
     4    17 0.68227246111525E-01 0.24852267550380    
     1    15 0.49575436988969E-01 0.49575436988969E-01
     2    17 0.65154906089158E-01 0.11473034307813    
     2    17 0.65154906089158E-01 0.11473034307813    
     1    15 0.49575436988969E-01 0.49575436988969E-01
     3    17 0.65565086314146E-01 0.18029542939227    
     5    17 0.73418901211566E-01 0.32194157671536    
     4    17 0.68227246111525E-01 0.24852267550380    
     3    17 0.65565086314146E-01 0.18029542939227    
  number of bodies, n =            8
  number of processes =            1
  maximum order of Maclaurin expansion, mo =           28
  Process            0  gets            8  bodies: from            1           8
     2    17 0.65154906089158E-01 0.11473034307813    
  time-like interval [tmin,tmax] =    0.0000000000000000       0.50000000000000000     
  print interval, dtout =   -2.5000000000000001E-002
     6    20 0.10106007357641     0.42300165029178    
  absolute error limit on velocities, EV =    2.2204460492503131E-015
  diagnostics trigger, Diagnostics =  F
     4    17 0.68227246111525E-01 0.24852267550380    
     3    17 0.65565086314146E-01 0.18029542939227    
     7    17 0.74332656905685E-01 0.49733430719746    
     5    17 0.73418901211566E-01 0.32194157671536    
     4    17 0.68227246111525E-01 0.24852267550380    
     6    20 0.10106007357641     0.42300165029178    
     6    20 0.10106007357641     0.42300165029178    
     8    17 0.26656928025350E-02 0.50000000000000    
     5    17 0.73418901211566E-01 0.32194157671536    
     7    17 0.74332656905685E-01 0.49733430719746    
  system time =    9.3291029334068298E-003
  number of bodies, n =            8
  number of processes =            1
  maximum order of Maclaurin expansion, mo =           28
  Process            0  gets            8  bodies: from            1           8
  time-like interval [tmin,tmax] =    0.0000000000000000       0.50000000000000000     
  print interval, dtout =   -2.5000000000000001E-002
  absolute error limit on velocities, EV =    2.2204460492503131E-015
  diagnostics trigger, Diagnostics =  F
  number of bodies, n =            8
  number of processes =            1
  maximum order of Maclaurin expansion, mo =           28
  Process            0  gets            8  bodies: from            1           8
  time-like interval [tmin,tmax] =    0.0000000000000000       0.50000000000000000     
  print interval, dtout =   -2.5000000000000001E-002
     1    15 0.49575436988969E-01 0.49575436988969E-01
  absolute error limit on velocities, EV =    2.2204460492503131E-015
  diagnostics trigger, Diagnostics =  F
     1    15 0.49575436988969E-01 0.49575436988969E-01
     2    17 0.65154906089158E-01 0.11473034307813    
     2    17 0.65154906089158E-01 0.11473034307813    
     3    17 0.65565086314146E-01 0.18029542939227    
     3    17 0.65565086314146E-01 0.18029542939227    
     4    17 0.68227246111525E-01 0.24852267550380    
     2    17 0.65154906089158E-01 0.11473034307813    
     4    17 0.68227246111525E-01 0.24852267550380    
     3    17 0.65565086314146E-01 0.18029542939227    
     5    17 0.73418901211566E-01 0.32194157671536    
     4    17 0.68227246111525E-01 0.24852267550380    
     5    17 0.73418901211566E-01 0.32194157671536    
     5    17 0.73418901211566E-01 0.32194157671536    
     6    20 0.10106007357641     0.42300165029178    
     6    20 0.10106007357641     0.42300165029178    
     6    20 0.10106007357641     0.42300165029178    
     7    17 0.74332656905685E-01 0.49733430719746    
     7    17 0.74332656905685E-01 0.49733430719746    
     8    17 0.26656928025350E-02 0.50000000000000    
  number of bodies, n =            8
  number of processes =            1
  number of bodies, n =            8
  number of processes =            1
  maximum order of Maclaurin expansion, mo =           28
  number of bodies, n =            8
  number of processes =            1
  maximum order of Maclaurin expansion, mo =           28
     7    17 0.74332656905685E-01 0.49733430719746    
  maximum order of Maclaurin expansion, mo =           28
  Process            0  gets            8  bodies: from            1           8
  Process            0  gets            8  bodies: from            1           8
  time-like interval [tmin,tmax] =    0.0000000000000000       0.50000000000000000     
  Process            0  gets            8  bodies: from            1           8
  print interval, dtout =   -2.5000000000000001E-002
  time-like interval [tmin,tmax] =    0.0000000000000000       0.50000000000000000     
  absolute error limit on velocities, EV =    2.2204460492503131E-015
  diagnostics trigger, Diagnostics =  F
  time-like interval [tmin,tmax] =    0.0000000000000000       0.50000000000000000     
  number of bodies, n =            8
  number of processes =            1
  print interval, dtout =   -2.5000000000000001E-002
  maximum order of Maclaurin expansion, mo =           28
  print interval, dtout =   -2.5000000000000001E-002
  Process            0  gets            8  bodies: from            1           8
  absolute error limit on velocities, EV =    2.2204460492503131E-015
  time-like interval [tmin,tmax] =    0.0000000000000000       0.50000000000000000     
  absolute error limit on velocities, EV =    2.2204460492503131E-015
  diagnostics trigger, Diagnostics =  F
  print interval, dtout =   -2.5000000000000001E-002
  diagnostics trigger, Diagnostics =  F
  absolute error limit on velocities, EV =    2.2204460492503131E-015
  diagnostics trigger, Diagnostics =  F
  system time =    7.2959847748279572E-003
     5    17 0.73418901211566E-01 0.32194157671536    
     7    17 0.74332656905685E-01 0.49733430719746    
     6    20 0.10106007357641     0.42300165029178    
  number of bodies, n =            8
  number of processes =            1
  maximum order of Maclaurin expansion, mo =           28
  Process            0  gets            8  bodies: from            1           8
  time-like interval [tmin,tmax] =    0.0000000000000000       0.50000000000000000     
  print interval, dtout =   -2.5000000000000001E-002
  absolute error limit on velocities, EV =    2.2204460492503131E-015
  diagnostics trigger, Diagnostics =  F
     8    17 0.26656928025350E-02 0.50000000000000    
     7    17 0.74332656905685E-01 0.49733430719746    
  system time =    6.6194999963045120E-003
     8    17 0.26656928025350E-02 0.50000000000000    
     1    15 0.49575436988969E-01 0.49575436988969E-01
  system time =    7.8832004219293594E-003
     2    17 0.65154906089158E-01 0.11473034307813    
     1    15 0.49575436988969E-01 0.49575436988969E-01
     2    17 0.65154906089158E-01 0.11473034307813    
  number of bodies, n =            8
  number of processes =            1
  maximum order of Maclaurin expansion, mo =           28
  Process            0  gets            8  bodies: from            1           8
  time-like interval [tmin,tmax] =    0.0000000000000000       0.50000000000000000     
  print interval, dtout =   -2.5000000000000001E-002
  absolute error limit on velocities, EV =    2.2204460492503131E-015
  diagnostics trigger, Diagnostics =  F
     3    17 0.65565086314146E-01 0.18029542939227    
     1    15 0.49575436988969E-01 0.49575436988969E-01
     4    17 0.68227246111525E-01 0.24852267550380    
     2    17 0.65154906089158E-01 0.11473034307813    
     5    17 0.73418901211566E-01 0.32194157671536    
     3    17 0.65565086314146E-01 0.18029542939227    
     6    20 0.10106007357641     0.42300165029178    
     4    17 0.68227246111525E-01 0.24852267550380    
     7    17 0.74332656905685E-01 0.49733430719746    
     5    17 0.73418901211566E-01 0.32194157671536    
     8    17 0.26656928025350E-02 0.50000000000000    
     6    20 0.10106007357641     0.42300165029178    
  system time =    8.4575247019529343E-003
  number of bodies, n =            8
  number of processes =            1
  maximum order of Maclaurin expansion, mo =           28
  Process            0  gets            8  bodies: from            1           8
  time-like interval [tmin,tmax] =    0.0000000000000000       0.50000000000000000     
  print interval, dtout =   -2.5000000000000001E-002
  absolute error limit on velocities, EV =    2.2204460492503131E-015
  diagnostics trigger, Diagnostics =  F
     3    17 0.65565086314146E-01 0.18029542939227    
     2    17 0.65154906089158E-01 0.11473034307813    
     2    17 0.65154906089158E-01 0.11473034307813    
     3    17 0.65565086314146E-01 0.18029542939227    
     2    17 0.65154906089158E-01 0.11473034307813    
     3    17 0.65565086314146E-01 0.18029542939227    
     3    17 0.65565086314146E-01 0.18029542939227    
     4    17 0.68227246111525E-01 0.24852267550380    
     4    17 0.68227246111525E-01 0.24852267550380    
     4    17 0.68227246111525E-01 0.24852267550380    
     5    17 0.73418901211566E-01 0.32194157671536    
     5    17 0.73418901211566E-01 0.32194157671536    
     5    17 0.73418901211566E-01 0.32194157671536    
     6    20 0.10106007357641     0.42300165029178    
     6    20 0.10106007357641     0.42300165029178    
     4    17 0.68227246111525E-01 0.24852267550380    
     6    20 0.10106007357641     0.42300165029178    
     7    17 0.74332656905685E-01 0.49733430719746    
     7    17 0.74332656905685E-01 0.49733430719746    
     7    17 0.74332656905685E-01 0.49733430719746    
     8    17 0.26656928025350E-02 0.50000000000000    
     8    17 0.26656928025350E-02 0.50000000000000    
     8    17 0.26656928025350E-02 0.50000000000000    
  system time =    9.3780551105737686E-003
  system time =    9.1318264603614807E-003
     1    15 0.49575436988969E-01 0.49575436988969E-01
     5    17 0.73418901211566E-01 0.32194157671536    
     2    17 0.65154906089158E-01 0.11473034307813    
     1    15 0.49575436988969E-01 0.49575436988969E-01
     1    15 0.49575436988969E-01 0.49575436988969E-01
  number of bodies, n =            8
  number of processes =            1
  maximum order of Maclaurin expansion, mo =           28
  Process            0  gets            8  bodies: from            1           8
  time-like interval [tmin,tmax] =    0.0000000000000000       0.50000000000000000     
  print interval, dtout =   -2.5000000000000001E-002
  absolute error limit on velocities, EV =    2.2204460492503131E-015
  diagnostics trigger, Diagnostics =  F
     2    17 0.65154906089158E-01 0.11473034307813    
     2    17 0.65154906089158E-01 0.11473034307813    
     3    17 0.65565086314146E-01 0.18029542939227    
     3    17 0.65565086314146E-01 0.18029542939227    
     1    15 0.49575436988969E-01 0.49575436988969E-01
     4    17 0.68227246111525E-01 0.24852267550380    
     4    17 0.68227246111525E-01 0.24852267550380    
     2    17 0.65154906089158E-01 0.11473034307813    
     5    17 0.73418901211566E-01 0.32194157671536    
     5    17 0.73418901211566E-01 0.32194157671536    
     6    20 0.10106007357641     0.42300165029178    
     3    17 0.65565086314146E-01 0.18029542939227    
     6    20 0.10106007357641     0.42300165029178    
     6    20 0.10106007357641     0.42300165029178    
     3    17 0.65565086314146E-01 0.18029542939227    
     5    17 0.73418901211566E-01 0.32194157671536    
     6    20 0.10106007357641     0.42300165029178    
     7    17 0.74332656905685E-01 0.49733430719746    
     7    17 0.74332656905685E-01 0.49733430719746    
     1    15 0.49575436988969E-01 0.49575436988969E-01
     8    17 0.26656928025350E-02 0.50000000000000    
     2    17 0.65154906089158E-01 0.11473034307813    
  system time =    7.8011173754930496E-003
     3    17 0.65565086314146E-01 0.18029542939227    
  number of bodies, n =            8
  number of processes =            1
  maximum order of Maclaurin expansion, mo =           28
  Process            0  gets            8  bodies: from            1           8
  time-like interval [tmin,tmax] =    0.0000000000000000       0.50000000000000000     
  print interval, dtout =   -2.5000000000000001E-002
  absolute error limit on velocities, EV =    2.2204460492503131E-015
  diagnostics trigger, Diagnostics =  F
     4    17 0.68227246111525E-01 0.24852267550380    
     5    17 0.73418901211566E-01 0.32194157671536    
     1    15 0.49575436988969E-01 0.49575436988969E-01
     6    20 0.10106007357641     0.42300165029178    
     2    17 0.65154906089158E-01 0.11473034307813    
     7    17 0.74332656905685E-01 0.49733430719746    
     3    17 0.65565086314146E-01 0.18029542939227    
     4    17 0.68227246111525E-01 0.24852267550380    
     6    20 0.10106007357641     0.42300165029178    
     8    17 0.26656928025350E-02 0.50000000000000    
     7    17 0.74332656905685E-01 0.49733430719746    
  system time =    8.3808246999979019E-003
     1    15 0.49575436988969E-01 0.49575436988969E-01
     8    17 0.26656928025350E-02 0.50000000000000    
     1    15 0.49575436988969E-01 0.49575436988969E-01
     2    17 0.65154906089158E-01 0.11473034307813    
  system time =    9.3345157802104950E-003
     2    17 0.65154906089158E-01 0.11473034307813    
     3    17 0.65565086314146E-01 0.18029542939227    
     3    17 0.65565086314146E-01 0.18029542939227    
     4    17 0.68227246111525E-01 0.24852267550380    
     4    17 0.68227246111525E-01 0.24852267550380    
     5    17 0.73418901211566E-01 0.32194157671536    
     5    17 0.73418901211566E-01 0.32194157671536    
     6    20 0.10106007357641     0.42300165029178    
     6    20 0.10106007357641     0.42300165029178    
     7    17 0.74332656905685E-01 0.49733430719746    
     7    17 0.74332656905685E-01 0.49733430719746    
     8    17 0.26656928025350E-02 0.50000000000000    
     8    17 0.26656928025350E-02 0.50000000000000    
     8    17 0.26656928025350E-02 0.50000000000000    
     5    17 0.73418901211566E-01 0.32194157671536    
  system time =    7.5619816780090332E-003
     6    20 0.10106007357641     0.42300165029178    
     7    17 0.74332656905685E-01 0.49733430719746    
  system time =    9.6090231090784073E-003
  number of bodies, n =            8
  number of processes =            1
  maximum order of Maclaurin expansion, mo =           28
  Process            0  gets            8  bodies: from            1           8
  time-like interval [tmin,tmax] =    0.0000000000000000       0.50000000000000000     
  print interval, dtout =   -2.5000000000000001E-002
  absolute error limit on velocities, EV =    2.2204460492503131E-015
  diagnostics trigger, Diagnostics =  F
  number of bodies, n =            8
  number of processes =            1
  maximum order of Maclaurin expansion, mo =           28
  Process            0  gets            8  bodies: from            1           8
  time-like interval [tmin,tmax] =    0.0000000000000000       0.50000000000000000     
  print interval, dtout =   -2.5000000000000001E-002
  absolute error limit on velocities, EV =    2.2204460492503131E-015
  diagnostics trigger, Diagnostics =  F
     1    15 0.49575436988969E-01 0.49575436988969E-01
     1    15 0.49575436988969E-01 0.49575436988969E-01
  number of bodies, n =            8
  number of processes =            1
  maximum order of Maclaurin expansion, mo =           28
  Process            0  gets            8  bodies: from            1           8
  time-like interval [tmin,tmax] =    0.0000000000000000       0.50000000000000000     
  print interval, dtout =   -2.5000000000000001E-002
  absolute error limit on velocities, EV =    2.2204460492503131E-015
  diagnostics trigger, Diagnostics =  F
     2    17 0.65154906089158E-01 0.11473034307813    
     8    17 0.26656928025350E-02 0.50000000000000    
     8    17 0.26656928025350E-02 0.50000000000000    
     8    17 0.26656928025350E-02 0.50000000000000    
  system time =    7.9728886485099792E-003
  system time =    8.1373024731874466E-003
     1    15 0.49575436988969E-01 0.49575436988969E-01
     1    15 0.49575436988969E-01 0.49575436988969E-01
     2    17 0.65154906089158E-01 0.11473034307813    
     2    17 0.65154906089158E-01 0.11473034307813    
     3    17 0.65565086314146E-01 0.18029542939227    
     3    17 0.65565086314146E-01 0.18029542939227    
     4    17 0.68227246111525E-01 0.24852267550380    
     4    17 0.68227246111525E-01 0.24852267550380    
     5    17 0.73418901211566E-01 0.32194157671536    
     5    17 0.73418901211566E-01 0.32194157671536    
     6    20 0.10106007357641     0.42300165029178    
     6    20 0.10106007357641     0.42300165029178    
     7    17 0.74332656905685E-01 0.49733430719746    
     7    17 0.74332656905685E-01 0.49733430719746    
     8    17 0.26656928025350E-02 0.50000000000000    
     8    17 0.26656928025350E-02 0.50000000000000    
  system time =    7.6421014964580536E-003
  system time =    7.3888171464204788E-003
  system time =    7.0568174123764038E-003
  number of bodies, n =            8
  number of processes =            1
  maximum order of Maclaurin expansion, mo =           28
  Process            0  gets            8  bodies: from            1           8
     2    17 0.65154906089158E-01 0.11473034307813    
  time-like interval [tmin,tmax] =    0.0000000000000000       0.50000000000000000     
  print interval, dtout =   -2.5000000000000001E-002
  absolute error limit on velocities, EV =    2.2204460492503131E-015
  diagnostics trigger, Diagnostics =  F
     3    17 0.65565086314146E-01 0.18029542939227    
  number of bodies, n =            8
  number of processes =            1
  maximum order of Maclaurin expansion, mo =           28
  Process            0  gets            8  bodies: from            1           8
  time-like interval [tmin,tmax] =    0.0000000000000000       0.50000000000000000     
  print interval, dtout =   -2.5000000000000001E-002
  absolute error limit on velocities, EV =    2.2204460492503131E-015
  diagnostics trigger, Diagnostics =  F
     3    17 0.65565086314146E-01 0.18029542939227    
     4    17 0.68227246111525E-01 0.24852267550380    
     1    15 0.49575436988969E-01 0.49575436988969E-01
     1    15 0.49575436988969E-01 0.49575436988969E-01
     4    17 0.68227246111525E-01 0.24852267550380    
     1    15 0.49575436988969E-01 0.49575436988969E-01
     5    17 0.73418901211566E-01 0.32194157671536    
     2    17 0.65154906089158E-01 0.11473034307813    
     5    17 0.73418901211566E-01 0.32194157671536    
     2    17 0.65154906089158E-01 0.11473034307813    
     2    17 0.65154906089158E-01 0.11473034307813    
     6    20 0.10106007357641     0.42300165029178    
     3    17 0.65565086314146E-01 0.18029542939227    
     3    17 0.65565086314146E-01 0.18029542939227    
     6    20 0.10106007357641     0.42300165029178    
     3    17 0.65565086314146E-01 0.18029542939227    
     4    17 0.68227246111525E-01 0.24852267550380    
     7    17 0.74332656905685E-01 0.49733430719746    
     4    17 0.68227246111525E-01 0.24852267550380    
     7    17 0.74332656905685E-01 0.49733430719746    
     4    17 0.68227246111525E-01 0.24852267550380    
     8    17 0.26656928025350E-02 0.50000000000000    
     5    17 0.73418901211566E-01 0.32194157671536    
     5    17 0.73418901211566E-01 0.32194157671536    
     5    17 0.73418901211566E-01 0.32194157671536    
     8    17 0.26656928025350E-02 0.50000000000000    
  system time =    1.0438822209835052E-002
     6    20 0.10106007357641     0.42300165029178    
     3    17 0.65565086314146E-01 0.18029542939227    
     4    17 0.68227246111525E-01 0.24852267550380    
     4    17 0.68227246111525E-01 0.24852267550380    
     5    17 0.73418901211566E-01 0.32194157671536    
     5    17 0.73418901211566E-01 0.32194157671536    
     6    20 0.10106007357641     0.42300165029178    
     6    20 0.10106007357641     0.42300165029178    
     7    17 0.74332656905685E-01 0.49733430719746    
     7    17 0.74332656905685E-01 0.49733430719746    
     8    17 0.26656928025350E-02 0.50000000000000    
     8    17 0.26656928025350E-02 0.50000000000000    
  system time =    8.2490667700767517E-003
  system time =    8.5784699767827988E-003
     7    17 0.74332656905685E-01 0.49733430719746    
     8    17 0.26656928025350E-02 0.50000000000000    
  system time =    7.8097879886627197E-003
     7    17 0.74332656905685E-01 0.49733430719746    
     4    17 0.68227246111525E-01 0.24852267550380    
     7    17 0.74332656905685E-01 0.49733430719746    
     5    17 0.73418901211566E-01 0.32194157671536    
     8    17 0.26656928025350E-02 0.50000000000000    
     8    17 0.26656928025350E-02 0.50000000000000    
  system time =    9.0811681002378464E-003
     6    20 0.10106007357641     0.42300165029178    
  system time =    8.8903047144412994E-003
     7    17 0.74332656905685E-01 0.49733430719746    
     8    17 0.26656928025350E-02 0.50000000000000    
  system time =    8.7983794510364532E-003
  system time =    8.1374216824769974E-003
     8    17 0.26656928025350E-02 0.50000000000000    
  system time =    7.7460557222366333E-003
     4    17 0.68227246111525E-01 0.24852267550380    
  system time =    8.9362449944019318E-003
     5    17 0.73418901211566E-01 0.32194157671536    
     6    20 0.10106007357641     0.42300165029178    
     7    17 0.74332656905685E-01 0.49733430719746    
     8    17 0.26656928025350E-02 0.50000000000000    
  system time =    7.8150089830160141E-003
  system time =    1.0215517133474350E-002
     6    20 0.10106007357641     0.42300165029178    
     6    20 0.10106007357641     0.42300165029178    
     7    17 0.74332656905685E-01 0.49733430719746    
     7    17 0.74332656905685E-01 0.49733430719746    
     7    17 0.74332656905685E-01 0.49733430719746    
     8    17 0.26656928025350E-02 0.50000000000000    
     8    17 0.26656928025350E-02 0.50000000000000    
     8    17 0.26656928025350E-02 0.50000000000000    
  system time =    9.5388665795326233E-003
  system time =    1.0388206690549850E-002
  system time =    9.2398989945650101E-003
