  number of bodies, n =           32
  number of processes =            1
  maximum order of Maclaurin expansion, mo =           28
  Process            0  gets           32  bodies: from            1          32
  time-like interval [tmin,tmax] =    0.0000000000000000       0.50000000000000000     
  print interval, dtout =   -2.5000000000000001E-002
  absolute error limit on velocities, EV =    2.2204460492503131E-015
  diagnostics trigger, Diagnostics =  F
  number of bodies, n =           32
  number of processes =            1
  maximum order of Maclaurin expansion, mo =           28
  Process            0  gets           32  bodies: from            1          32
  time-like interval [tmin,tmax] =    0.0000000000000000       0.50000000000000000     
  print interval, dtout =   -2.5000000000000001E-002
  absolute error limit on velocities, EV =    2.2204460492503131E-015
  diagnostics trigger, Diagnostics =  F
     1    19 0.19649791321198E-01 0.19649791321198E-01
  number of bodies, n =           32
  number of processes =            1
  maximum order of Maclaurin expansion, mo =           28
  Process            0  gets           32  bodies: from            1          32
  time-like interval [tmin,tmax] =    0.0000000000000000       0.50000000000000000     
  print interval, dtout =   -2.5000000000000001E-002
  absolute error limit on velocities, EV =    2.2204460492503131E-015
  diagnostics trigger, Diagnostics =  F
     1    19 0.19649791321198E-01 0.19649791321198E-01
     2    19 0.21604023626719E-01 0.41253814947917E-01
     2    19 0.21604023626719E-01 0.41253814947917E-01
     1    19 0.19649791321198E-01 0.19649791321198E-01
     3    19 0.24270733805884E-01 0.65524548753801E-01
  number of bodies, n =           32
  number of processes =            1
  maximum order of Maclaurin expansion, mo =           28
  Process            0  gets           32  bodies: from            1          32
  time-like interval [tmin,tmax] =    0.0000000000000000       0.50000000000000000     
  print interval, dtout =   -2.5000000000000001E-002
  absolute error limit on velocities, EV =    2.2204460492503131E-015
  diagnostics trigger, Diagnostics =  F
     3    19 0.24270733805884E-01 0.65524548753801E-01
     2    19 0.21604023626719E-01 0.41253814947917E-01
     4    18 0.23515538005159E-01 0.89040086758960E-01
     4    18 0.23515538005159E-01 0.89040086758960E-01
  number of bodies, n =           32
  number of processes =            1
  maximum order of Maclaurin expansion, mo =           28
  Process            0  gets           32  bodies: from            1          32
  time-like interval [tmin,tmax] =    0.0000000000000000       0.50000000000000000     
  print interval, dtout =   -2.5000000000000001E-002
  absolute error limit on velocities, EV =    2.2204460492503131E-015
  diagnostics trigger, Diagnostics =  F
     3    19 0.24270733805884E-01 0.65524548753801E-01
     1    19 0.19649791321198E-01 0.19649791321198E-01
     5    19 0.21488870532623E-01 0.11052895729158    
     5    19 0.21488870532623E-01 0.11052895729158    
     4    18 0.23515538005159E-01 0.89040086758960E-01
     2    19 0.21604023626719E-01 0.41253814947917E-01
     6    18 0.16103380336597E-01 0.12663233762818    
     1    19 0.19649791321198E-01 0.19649791321198E-01
     6    18 0.16103380336597E-01 0.12663233762818    
     5    19 0.21488870532623E-01 0.11052895729158    
     3    19 0.24270733805884E-01 0.65524548753801E-01
     7    19 0.15099495151505E-01 0.14173183277968    
     2    19 0.21604023626719E-01 0.41253814947917E-01
  number of bodies, n =           32
  number of processes =            1
  maximum order of Maclaurin expansion, mo =           28
  Process            0  gets           32  bodies: from            1          32
  time-like interval [tmin,tmax] =    0.0000000000000000       0.50000000000000000     
  print interval, dtout =   -2.5000000000000001E-002
  absolute error limit on velocities, EV =    2.2204460492503131E-015
  diagnostics trigger, Diagnostics =  F
     7    19 0.15099495151505E-01 0.14173183277968    
     6    18 0.16103380336597E-01 0.12663233762818    
     4    18 0.23515538005159E-01 0.89040086758960E-01
     8    19 0.12826070230700E-01 0.15455790301038    
     3    19 0.24270733805884E-01 0.65524548753801E-01
  number of bodies, n =           32
  number of processes =            1
  maximum order of Maclaurin expansion, mo =           28
  Process            0  gets           32  bodies: from            1          32
  time-like interval [tmin,tmax] =    0.0000000000000000       0.50000000000000000     
  print interval, dtout =   -2.5000000000000001E-002
  absolute error limit on velocities, EV =    2.2204460492503131E-015
  diagnostics trigger, Diagnostics =  F
     8    19 0.12826070230700E-01 0.15455790301038    
     7    19 0.15099495151505E-01 0.14173183277968    
     1    19 0.19649791321198E-01 0.19649791321198E-01
  number of bodies, n =           32
  number of processes =            1
  maximum order of Maclaurin expansion, mo =           28
  Process            0  gets           32  bodies: from            1          32
  time-like interval [tmin,tmax] =    0.0000000000000000       0.50000000000000000     
  print interval, dtout =   -2.5000000000000001E-002
  absolute error limit on velocities, EV =    2.2204460492503131E-015
  diagnostics trigger, Diagnostics =  F
     5    19 0.21488870532623E-01 0.11052895729158    
     9    19 0.11140484274531E-01 0.16569838728492    
     4    18 0.23515538005159E-01 0.89040086758960E-01
     1    19 0.19649791321198E-01 0.19649791321198E-01
     9    19 0.11140484274531E-01 0.16569838728492    
     6    18 0.16103380336597E-01 0.12663233762818    
     8    19 0.12826070230700E-01 0.15455790301038    
     2    19 0.21604023626719E-01 0.41253814947917E-01
    10    19 0.99323871220447E-02 0.17563077440696    
     1    19 0.19649791321198E-01 0.19649791321198E-01
     5    19 0.21488870532623E-01 0.11052895729158    
     2    19 0.21604023626719E-01 0.41253814947917E-01
    10    19 0.99323871220447E-02 0.17563077440696    
     7    19 0.15099495151505E-01 0.14173183277968    
     9    19 0.11140484274531E-01 0.16569838728492    
     3    19 0.24270733805884E-01 0.65524548753801E-01
    11    19 0.91178620912532E-02 0.18474863649821    
     6    18 0.16103380336597E-01 0.12663233762818    
     2    19 0.21604023626719E-01 0.41253814947917E-01
     3    19 0.24270733805884E-01 0.65524548753801E-01
    11    19 0.91178620912532E-02 0.18474863649821    
     8    19 0.12826070230700E-01 0.15455790301038    
    10    19 0.99323871220447E-02 0.17563077440696    
     4    18 0.23515538005159E-01 0.89040086758960E-01
    12    19 0.86403145254676E-02 0.19338895102368    
     7    19 0.15099495151505E-01 0.14173183277968    
     3    19 0.24270733805884E-01 0.65524548753801E-01
     4    18 0.23515538005159E-01 0.89040086758960E-01
    12    19 0.86403145254676E-02 0.19338895102368    
     9    19 0.11140484274531E-01 0.16569838728492    
    11    19 0.91178620912532E-02 0.18474863649821    
     5    19 0.21488870532623E-01 0.11052895729158    
    13    19 0.84609596826919E-02 0.20184991070637    
     4    18 0.23515538005159E-01 0.89040086758960E-01
     8    19 0.12826070230700E-01 0.15455790301038    
     5    19 0.21488870532623E-01 0.11052895729158    
    13    19 0.84609596826919E-02 0.20184991070637    
    10    19 0.99323871220447E-02 0.17563077440696    
     6    18 0.16103380336597E-01 0.12663233762818    
    12    19 0.86403145254676E-02 0.19338895102368    
    14    19 0.85558933333482E-02 0.21040580403972    
     5    19 0.21488870532623E-01 0.11052895729158    
     9    19 0.11140484274531E-01 0.16569838728492    
     6    18 0.16103380336597E-01 0.12663233762818    
    14    19 0.85558933333482E-02 0.21040580403972    
    11    19 0.91178620912532E-02 0.18474863649821    
     7    19 0.15099495151505E-01 0.14173183277968    
    13    19 0.84609596826919E-02 0.20184991070637    
     6    18 0.16103380336597E-01 0.12663233762818    
    15    19 0.73753001582625E-02 0.21778110419798    
    10    19 0.99323871220447E-02 0.17563077440696    
     7    19 0.15099495151505E-01 0.14173183277968    
     8    19 0.12826070230700E-01 0.15455790301038    
    14    19 0.85558933333482E-02 0.21040580403972    
     7    19 0.15099495151505E-01 0.14173183277968    
    16    19 0.63148294561471E-02 0.22409593365413    
    15    19 0.73753001582625E-02 0.21778110419798    
    11    19 0.91178620912532E-02 0.18474863649821    
    12    19 0.86403145254676E-02 0.19338895102368    
     8    19 0.12826070230700E-01 0.15455790301038    
     9    19 0.11140484274531E-01 0.16569838728492    
    15    19 0.73753001582625E-02 0.21778110419798    
     8    19 0.12826070230700E-01 0.15455790301038    
    16    19 0.63148294561471E-02 0.22409593365413    
    17    20 0.60092421592821E-02 0.23010517581341    
    12    19 0.86403145254676E-02 0.19338895102368    
    13    19 0.84609596826919E-02 0.20184991070637    
     9    19 0.11140484274531E-01 0.16569838728492    
    10    19 0.99323871220447E-02 0.17563077440696    
    16    19 0.63148294561471E-02 0.22409593365413    
     9    19 0.11140484274531E-01 0.16569838728492    
    17    20 0.60092421592821E-02 0.23010517581341    
    13    19 0.84609596826919E-02 0.20184991070637    
    18    20 0.52525484121509E-02 0.23535772422556    
    14    19 0.85558933333482E-02 0.21040580403972    
    10    19 0.99323871220447E-02 0.17563077440696    
    11    19 0.91178620912532E-02 0.18474863649821    
    17    20 0.60092421592821E-02 0.23010517581341    
    10    19 0.99323871220447E-02 0.17563077440696    
    14    19 0.85558933333482E-02 0.21040580403972    
    15    19 0.73753001582625E-02 0.21778110419798    
    19    20 0.47111972546496E-02 0.24006892148021    
    18    20 0.52525484121509E-02 0.23535772422556    
    11    19 0.91178620912532E-02 0.18474863649821    
    12    19 0.86403145254676E-02 0.19338895102368    
    11    19 0.91178620912532E-02 0.18474863649821    
    18    20 0.52525484121509E-02 0.23535772422556    
    15    19 0.73753001582625E-02 0.21778110419798    
    16    19 0.63148294561471E-02 0.22409593365413    
    12    19 0.86403145254676E-02 0.19338895102368    
    20    20 0.43519577413148E-02 0.24442087922153    
    19    20 0.47111972546496E-02 0.24006892148021    
    13    19 0.84609596826919E-02 0.20184991070637    
    12    19 0.86403145254676E-02 0.19338895102368    
    19    20 0.47111972546496E-02 0.24006892148021    
    16    19 0.63148294561471E-02 0.22409593365413    
    13    19 0.84609596826919E-02 0.20184991070637    
    17    20 0.60092421592821E-02 0.23010517581341    
    21    20 0.41514339547788E-02 0.24857231317631    
    20    20 0.43519577413148E-02 0.24442087922153    
    14    19 0.85558933333482E-02 0.21040580403972    
    13    19 0.84609596826919E-02 0.20184991070637    
    20    20 0.43519577413148E-02 0.24442087922153    
    14    19 0.85558933333482E-02 0.21040580403972    
    17    20 0.60092421592821E-02 0.23010517581341    
    18    20 0.52525484121509E-02 0.23535772422556    
    22    20 0.40949481021702E-02 0.25266726127848    
    15    19 0.73753001582625E-02 0.21778110419798    
    21    20 0.41514339547788E-02 0.24857231317631    
    14    19 0.85558933333482E-02 0.21040580403972    
    21    20 0.41514339547788E-02 0.24857231317631    
    15    19 0.73753001582625E-02 0.21778110419798    
    18    20 0.52525484121509E-02 0.23535772422556    
    19    20 0.47111972546496E-02 0.24006892148021    
    16    19 0.63148294561471E-02 0.22409593365413    
    23    20 0.41725075040725E-02 0.25683976878255    
    22    20 0.40949481021702E-02 0.25266726127848    
    15    19 0.73753001582625E-02 0.21778110419798    
    16    19 0.63148294561471E-02 0.22409593365413    
    22    20 0.40949481021702E-02 0.25266726127848    
    19    20 0.47111972546496E-02 0.24006892148021    
    20    20 0.43519577413148E-02 0.24442087922153    
    17    20 0.60092421592821E-02 0.23010517581341    
    24    20 0.43793106126177E-02 0.26121907939517    
    23    20 0.41725075040725E-02 0.25683976878255    
    16    19 0.63148294561471E-02 0.22409593365413    
    17    20 0.60092421592821E-02 0.23010517581341    
    23    20 0.41725075040725E-02 0.25683976878255    
    20    20 0.43519577413148E-02 0.24442087922153    
    21    20 0.41514339547788E-02 0.24857231317631    
    24    20 0.43793106126177E-02 0.26121907939517    
    17    20 0.60092421592821E-02 0.23010517581341    
    18    20 0.52525484121509E-02 0.23535772422556    
    24    20 0.43793106126177E-02 0.26121907939517    
    21    20 0.41514339547788E-02 0.24857231317631    
    25    20 0.47180390916989E-02 0.26593711848687    
    18    20 0.52525484121509E-02 0.23535772422556    
    22    20 0.40949481021702E-02 0.25266726127848    
    25    20 0.47180390916989E-02 0.26593711848687    
    18    20 0.52525484121509E-02 0.23535772422556    
    19    20 0.47111972546496E-02 0.24006892148021    
    25    20 0.47180390916989E-02 0.26593711848687    
    22    20 0.40949481021702E-02 0.25266726127848    
    26    20 0.51975230053443E-02 0.27113464149221    
    26    20 0.51975230053443E-02 0.27113464149221    
    19    20 0.47111972546496E-02 0.24006892148021    
    20    20 0.43519577413148E-02 0.24442087922153    
    26    20 0.51975230053443E-02 0.27113464149221    
    19    20 0.47111972546496E-02 0.24006892148021    
    23    20 0.41725075040725E-02 0.25683976878255    
    23    20 0.41725075040725E-02 0.25683976878255    
    27    20 0.58315745916040E-02 0.27696621608381    
    27    20 0.58315745916040E-02 0.27696621608381    
    20    20 0.43519577413148E-02 0.24442087922153    
    21    20 0.41514339547788E-02 0.24857231317631    
    27    20 0.58315745916040E-02 0.27696621608381    
    28    19 0.60648143442959E-02 0.28303103042811    
    24    20 0.43793106126177E-02 0.26121907939517    
    28    19 0.60648143442959E-02 0.28303103042811    
    21    20 0.41514339547788E-02 0.24857231317631    
    20    20 0.43519577413148E-02 0.24442087922153    
    24    20 0.43793106126177E-02 0.26121907939517    
    22    20 0.40949481021702E-02 0.25266726127848    
    28    19 0.60648143442959E-02 0.28303103042811    
    29    20 0.76029294101153E-02 0.29063395983823    
    25    20 0.47180390916989E-02 0.26593711848687    
    29    20 0.76029294101153E-02 0.29063395983823    
    22    20 0.40949481021702E-02 0.25266726127848    
    30    19 0.80852397900669E-02 0.29871919962829    
    23    20 0.41725075040725E-02 0.25683976878255    
    29    20 0.76029294101153E-02 0.29063395983823    
    26    20 0.51975230053443E-02 0.27113464149221    
    30    19 0.80852397900669E-02 0.29871919962829    
    23    20 0.41725075040725E-02 0.25683976878255    
    21    20 0.41514339547788E-02 0.24857231317631    
    25    20 0.47180390916989E-02 0.26593711848687    
    31    20 0.10288624116497E-01 0.30900782374479    
    30    19 0.80852397900669E-02 0.29871919962829    
    24    20 0.43793106126177E-02 0.26121907939517    
    27    20 0.58315745916040E-02 0.27696621608381    
    31    20 0.10288624116497E-01 0.30900782374479    
    24    20 0.43793106126177E-02 0.26121907939517    
    32    19 0.11096034745649E-01 0.32010385849044    
    31    20 0.10288624116497E-01 0.30900782374479    
    25    20 0.47180390916989E-02 0.26593711848687    
    28    19 0.60648143442959E-02 0.28303103042811    
    32    19 0.11096034745649E-01 0.32010385849044    
    22    20 0.40949481021702E-02 0.25266726127848    
    25    20 0.47180390916989E-02 0.26593711848687    
    26    20 0.51975230053443E-02 0.27113464149221    
    33    18 0.97295148443075E-02 0.32983337333475    
    32    19 0.11096034745649E-01 0.32010385849044    
    33    18 0.97295148443075E-02 0.32983337333475    
    26    20 0.51975230053443E-02 0.27113464149221    
    29    20 0.76029294101153E-02 0.29063395983823    
    26    20 0.51975230053443E-02 0.27113464149221    
    34    19 0.99049591474119E-02 0.33973833248216    
    33    18 0.97295148443075E-02 0.32983337333475    
    34    19 0.99049591474119E-02 0.33973833248216    
    23    20 0.41725075040725E-02 0.25683976878255    
    30    19 0.80852397900669E-02 0.29871919962829    
    27    20 0.58315745916040E-02 0.27696621608381    
    27    20 0.58315745916040E-02 0.27696621608381    
    27    20 0.58315745916040E-02 0.27696621608381    
    35    19 0.93878852935746E-02 0.34912621777573    
    34    19 0.99049591474119E-02 0.33973833248216    
    35    19 0.93878852935746E-02 0.34912621777573    
    28    19 0.60648143442959E-02 0.28303103042811    
    31    20 0.10288624116497E-01 0.30900782374479    
    28    19 0.60648143442959E-02 0.28303103042811    
    36    19 0.92186006294265E-02 0.35834481840516    
    35    19 0.93878852935746E-02 0.34912621777573    
    24    20 0.43793106126177E-02 0.26121907939517    
    36    19 0.92186006294265E-02 0.35834481840516    
    32    19 0.11096034745649E-01 0.32010385849044    
    29    20 0.76029294101153E-02 0.29063395983823    
    28    19 0.60648143442959E-02 0.28303103042811    
    37    19 0.93688019367254E-02 0.36771362034188    
    29    20 0.76029294101153E-02 0.29063395983823    
    36    19 0.92186006294265E-02 0.35834481840516    
    37    19 0.93688019367254E-02 0.36771362034188    
    33    18 0.97295148443075E-02 0.32983337333475    
    30    19 0.80852397900669E-02 0.29871919962829    
    38    18 0.89186070315371E-02 0.37663222737342    
    30    19 0.80852397900669E-02 0.29871919962829    
    25    20 0.47180390916989E-02 0.26593711848687    
    37    19 0.93688019367254E-02 0.36771362034188    
    38    18 0.89186070315371E-02 0.37663222737342    
    34    19 0.99049591474119E-02 0.33973833248216    
    29    20 0.76029294101153E-02 0.29063395983823    
    39    18 0.95589045402366E-02 0.38619113191366    
    31    20 0.10288624116497E-01 0.30900782374479    
    31    20 0.10288624116497E-01 0.30900782374479    
    38    18 0.89186070315371E-02 0.37663222737342    
    39    18 0.95589045402366E-02 0.38619113191366    
    35    19 0.93878852935746E-02 0.34912621777573    
    40    19 0.11532656492672E-01 0.39772378840633    
    32    19 0.11096034745649E-01 0.32010385849044    
    39    18 0.95589045402366E-02 0.38619113191366    
    26    20 0.51975230053443E-02 0.27113464149221    
    32    19 0.11096034745649E-01 0.32010385849044    
    40    19 0.11532656492672E-01 0.39772378840633    
    30    19 0.80852397900669E-02 0.29871919962829    
    36    19 0.92186006294265E-02 0.35834481840516    
    33    18 0.97295148443075E-02 0.32983337333475    
    41    19 0.12979034124811E-01 0.41070282253114    
    33    18 0.97295148443075E-02 0.32983337333475    
    40    19 0.11532656492672E-01 0.39772378840633    
    41    19 0.12979034124811E-01 0.41070282253114    
    37    19 0.93688019367254E-02 0.36771362034188    
    42    18 0.13517637699704E-01 0.42422046023084    
    34    19 0.99049591474119E-02 0.33973833248216    
    34    19 0.99049591474119E-02 0.33973833248216    
    27    20 0.58315745916040E-02 0.27696621608381    
    41    19 0.12979034124811E-01 0.41070282253114    
    42    18 0.13517637699704E-01 0.42422046023084    
    31    20 0.10288624116497E-01 0.30900782374479    
    38    18 0.89186070315371E-02 0.37663222737342    
    43    19 0.14771752992885E-01 0.43899221322373    
    35    19 0.93878852935746E-02 0.34912621777573    
    35    19 0.93878852935746E-02 0.34912621777573    
    28    19 0.60648143442959E-02 0.28303103042811    
    43    19 0.14771752992885E-01 0.43899221322373    
    42    18 0.13517637699704E-01 0.42422046023084    
    39    18 0.95589045402366E-02 0.38619113191366    
    36    19 0.92186006294265E-02 0.35834481840516    
    36    19 0.92186006294265E-02 0.35834481840516    
    32    19 0.11096034745649E-01 0.32010385849044    
    44    19 0.13723277132725E-01 0.45271549035645    
    29    20 0.76029294101153E-02 0.29063395983823    
    43    19 0.14771752992885E-01 0.43899221322373    
    40    19 0.11532656492672E-01 0.39772378840633    
    44    19 0.13723277132725E-01 0.45271549035645    
    37    19 0.93688019367254E-02 0.36771362034188    
    37    19 0.93688019367254E-02 0.36771362034188    
    45    19 0.13175243447460E-01 0.46589073380391    
    30    19 0.80852397900669E-02 0.29871919962829    
    44    19 0.13723277132725E-01 0.45271549035645    
    41    19 0.12979034124811E-01 0.41070282253114    
    38    18 0.89186070315371E-02 0.37663222737342    
    33    18 0.97295148443075E-02 0.32983337333475    
    38    18 0.89186070315371E-02 0.37663222737342    
    45    19 0.13175243447460E-01 0.46589073380391    
    46    19 0.13079512738243E-01 0.47897024654216    
    42    18 0.13517637699704E-01 0.42422046023084    
    45    19 0.13175243447460E-01 0.46589073380391    
    31    20 0.10288624116497E-01 0.30900782374479    
    39    18 0.95589045402366E-02 0.38619113191366    
    39    18 0.95589045402366E-02 0.38619113191366    
    47    19 0.13412294450027E-01 0.49238254099218    
    43    19 0.14771752992885E-01 0.43899221322373    
    46    19 0.13079512738243E-01 0.47897024654216    
    32    19 0.11096034745649E-01 0.32010385849044    
    34    19 0.99049591474119E-02 0.33973833248216    
    40    19 0.11532656492672E-01 0.39772378840633    
    40    19 0.11532656492672E-01 0.39772378840633    
    46    19 0.13079512738243E-01 0.47897024654216    
    48    19 0.76174590078151E-02 0.50000000000000    
    33    18 0.97295148443075E-02 0.32983337333475    
    44    19 0.13723277132725E-01 0.45271549035645    
  system time =   0.32943896017968655     
    47    19 0.13412294450027E-01 0.49238254099218    
    41    19 0.12979034124811E-01 0.41070282253114    
    41    19 0.12979034124811E-01 0.41070282253114    
    35    19 0.93878852935746E-02 0.34912621777573    
    34    19 0.99049591474119E-02 0.33973833248216    
    45    19 0.13175243447460E-01 0.46589073380391    
    48    19 0.76174590078151E-02 0.50000000000000    
    42    18 0.13517637699704E-01 0.42422046023084    
  system time =   0.32856101542711258     
    47    19 0.13412294450027E-01 0.49238254099218    
    42    18 0.13517637699704E-01 0.42422046023084    
    35    19 0.93878852935746E-02 0.34912621777573    
    46    19 0.13079512738243E-01 0.47897024654216    
    43    19 0.14771752992885E-01 0.43899221322373    
    43    19 0.14771752992885E-01 0.43899221322373    
    36    19 0.92186006294265E-02 0.35834481840516    
    36    19 0.92186006294265E-02 0.35834481840516    
    47    19 0.13412294450027E-01 0.49238254099218    
    48    19 0.76174590078151E-02 0.50000000000000    
    44    19 0.13723277132725E-01 0.45271549035645    
  system time =   0.35494389198720455     
    44    19 0.13723277132725E-01 0.45271549035645    
    37    19 0.93688019367254E-02 0.36771362034188    
    37    19 0.93688019367254E-02 0.36771362034188    
    48    19 0.76174590078151E-02 0.50000000000000    
    45    19 0.13175243447460E-01 0.46589073380391    
  system time =   0.32731682807207108     
    45    19 0.13175243447460E-01 0.46589073380391    
    38    18 0.89186070315371E-02 0.37663222737342    
    38    18 0.89186070315371E-02 0.37663222737342    
    46    19 0.13079512738243E-01 0.47897024654216    
    46    19 0.13079512738243E-01 0.47897024654216    
    39    18 0.95589045402366E-02 0.38619113191366    
    39    18 0.95589045402366E-02 0.38619113191366    
    47    19 0.13412294450027E-01 0.49238254099218    
    47    19 0.13412294450027E-01 0.49238254099218    
    40    19 0.11532656492672E-01 0.39772378840633    
    40    19 0.11532656492672E-01 0.39772378840633    
    48    19 0.76174590078151E-02 0.50000000000000    
  system time =   0.32593513093888760     
    48    19 0.76174590078151E-02 0.50000000000000    
  system time =   0.32383176125586033     
    41    19 0.12979034124811E-01 0.41070282253114    
    41    19 0.12979034124811E-01 0.41070282253114    
    42    18 0.13517637699704E-01 0.42422046023084    
    42    18 0.13517637699704E-01 0.42422046023084    
    43    19 0.14771752992885E-01 0.43899221322373    
    43    19 0.14771752992885E-01 0.43899221322373    
    44    19 0.13723277132725E-01 0.45271549035645    
    44    19 0.13723277132725E-01 0.45271549035645    
    45    19 0.13175243447460E-01 0.46589073380391    
    45    19 0.13175243447460E-01 0.46589073380391    
    46    19 0.13079512738243E-01 0.47897024654216    
    46    19 0.13079512738243E-01 0.47897024654216    
    47    19 0.13412294450027E-01 0.49238254099218    
    47    19 0.13412294450027E-01 0.49238254099218    
    48    19 0.76174590078151E-02 0.50000000000000    
    48    19 0.76174590078151E-02 0.50000000000000    
  system time =   0.37824424169957638     
  system time =   0.40517023019492626     
