  number of bodies, n =            8
  number of processes =            1
  maximum order of Maclaurin expansion, mo =           28
  Process            0  gets            8  bodies: from            1           8
  time-like interval [tmin,tmax] =    0.0000000000000000       0.50000000000000000     
  print interval, dtout =   -2.5000000000000001E-002
  absolute error limit on velocities, EV =    2.2204460492503131E-015
  diagnostics trigger, Diagnostics =  F
  number of bodies, n =            8
  number of processes =            1
  maximum order of Maclaurin expansion, mo =           28
  Process            0  gets            8  bodies: from            1           8
  time-like interval [tmin,tmax] =    0.0000000000000000       0.50000000000000000     
  print interval, dtout =   -2.5000000000000001E-002
  absolute error limit on velocities, EV =    2.2204460492503131E-015
  diagnostics trigger, Diagnostics =  F
     1    15 0.49575436988969E-01 0.49575436988969E-01
     1    15 0.49575436988969E-01 0.49575436988969E-01
     2    17 0.65154906089158E-01 0.11473034307813    
     2    17 0.65154906089158E-01 0.11473034307813    
     3    17 0.65565086314146E-01 0.18029542939227    
     3    17 0.65565086314146E-01 0.18029542939227    
     4    17 0.68227246111525E-01 0.24852267550380    
     4    17 0.68227246111525E-01 0.24852267550380    
     5    17 0.73418901211566E-01 0.32194157671536    
     5    17 0.73418901211566E-01 0.32194157671536    
     6    20 0.10106007357641     0.42300165029178    
     6    20 0.10106007357641     0.42300165029178    
     7    17 0.74332656905685E-01 0.49733430719746    
     7    17 0.74332656905685E-01 0.49733430719746    
     8    17 0.26656928025350E-02 0.50000000000000    
     8    17 0.26656928025350E-02 0.50000000000000    
  system time =    7.6490826904773712E-003
  system time =    7.8939124941825867E-003
  number of bodies, n =            8
  number of processes =            1
  maximum order of Maclaurin expansion, mo =           28
  Process            0  gets            8  bodies: from            1           8
  time-like interval [tmin,tmax] =    0.0000000000000000       0.50000000000000000     
  print interval, dtout =   -2.5000000000000001E-002
  absolute error limit on velocities, EV =    2.2204460492503131E-015
  diagnostics trigger, Diagnostics =  F
     1    15 0.49575436988969E-01 0.49575436988969E-01
     2    17 0.65154906089158E-01 0.11473034307813    
     3    17 0.65565086314146E-01 0.18029542939227    
     4    17 0.68227246111525E-01 0.24852267550380    
     5    17 0.73418901211566E-01 0.32194157671536    
     6    20 0.10106007357641     0.42300165029178    
     7    17 0.74332656905685E-01 0.49733430719746    
     8    17 0.26656928025350E-02 0.50000000000000    
  number of bodies, n =            8
  number of processes =            1
  maximum order of Maclaurin expansion, mo =           28
  Process            0  gets            8  bodies: from            1           8
  time-like interval [tmin,tmax] =    0.0000000000000000       0.50000000000000000     
  print interval, dtout =   -2.5000000000000001E-002
  absolute error limit on velocities, EV =    2.2204460492503131E-015
  diagnostics trigger, Diagnostics =  F
  system time =    6.6388081759214401E-003
     1    15 0.49575436988969E-01 0.49575436988969E-01
  number of bodies, n =            8
  number of processes =            1
  maximum order of Maclaurin expansion, mo =           28
  Process            0  gets            8  bodies: from            1           8
  time-like interval [tmin,tmax] =    0.0000000000000000       0.50000000000000000     
  print interval, dtout =   -2.5000000000000001E-002
  absolute error limit on velocities, EV =    2.2204460492503131E-015
  diagnostics trigger, Diagnostics =  F
     2    17 0.65154906089158E-01 0.11473034307813    
     3    17 0.65565086314146E-01 0.18029542939227    
     1    15 0.49575436988969E-01 0.49575436988969E-01
     4    17 0.68227246111525E-01 0.24852267550380    
     2    17 0.65154906089158E-01 0.11473034307813    
     5    17 0.73418901211566E-01 0.32194157671536    
     3    17 0.65565086314146E-01 0.18029542939227    
     6    20 0.10106007357641     0.42300165029178    
     4    17 0.68227246111525E-01 0.24852267550380    
     7    17 0.74332656905685E-01 0.49733430719746    
     5    17 0.73418901211566E-01 0.32194157671536    
     8    17 0.26656928025350E-02 0.50000000000000    
     6    20 0.10106007357641     0.42300165029178    
  system time =    8.6059719324111938E-003
     7    17 0.74332656905685E-01 0.49733430719746    
     8    17 0.26656928025350E-02 0.50000000000000    
  system time =    7.4176695197820663E-003
  number of bodies, n =            8
  number of processes =            1
  maximum order of Maclaurin expansion, mo =           28
  Process            0  gets            8  bodies: from            1           8
  time-like interval [tmin,tmax] =    0.0000000000000000       0.50000000000000000     
  print interval, dtout =   -2.5000000000000001E-002
  absolute error limit on velocities, EV =    2.2204460492503131E-015
  diagnostics trigger, Diagnostics =  F
  number of bodies, n =            8
  number of processes =            1
  maximum order of Maclaurin expansion, mo =           28
  Process            0  gets            8  bodies: from            1           8
  time-like interval [tmin,tmax] =    0.0000000000000000       0.50000000000000000     
  print interval, dtout =   -2.5000000000000001E-002
  absolute error limit on velocities, EV =    2.2204460492503131E-015
  diagnostics trigger, Diagnostics =  F
     1    15 0.49575436988969E-01 0.49575436988969E-01
     1    15 0.49575436988969E-01 0.49575436988969E-01
     2    17 0.65154906089158E-01 0.11473034307813    
     2    17 0.65154906089158E-01 0.11473034307813    
     3    17 0.65565086314146E-01 0.18029542939227    
     3    17 0.65565086314146E-01 0.18029542939227    
     4    17 0.68227246111525E-01 0.24852267550380    
     4    17 0.68227246111525E-01 0.24852267550380    
     5    17 0.73418901211566E-01 0.32194157671536    
     5    17 0.73418901211566E-01 0.32194157671536    
     6    20 0.10106007357641     0.42300165029178    
  number of bodies, n =            8
  number of processes =            1
  maximum order of Maclaurin expansion, mo =           28
  Process            0  gets            8  bodies: from            1           8
  time-like interval [tmin,tmax] =    0.0000000000000000       0.50000000000000000     
  print interval, dtout =   -2.5000000000000001E-002
  absolute error limit on velocities, EV =    2.2204460492503131E-015
  diagnostics trigger, Diagnostics =  F
     6    20 0.10106007357641     0.42300165029178    
     7    17 0.74332656905685E-01 0.49733430719746    
     7    17 0.74332656905685E-01 0.49733430719746    
     8    17 0.26656928025350E-02 0.50000000000000    
  system time =    7.3741506785154343E-003
     1    15 0.49575436988969E-01 0.49575436988969E-01
     8    17 0.26656928025350E-02 0.50000000000000    
     2    17 0.65154906089158E-01 0.11473034307813    
  system time =    8.0831833183765411E-003
     3    17 0.65565086314146E-01 0.18029542939227    
     4    17 0.68227246111525E-01 0.24852267550380    
     5    17 0.73418901211566E-01 0.32194157671536    
     6    20 0.10106007357641     0.42300165029178    
     7    17 0.74332656905685E-01 0.49733430719746    
     8    17 0.26656928025350E-02 0.50000000000000    
  system time =    7.3278583586215973E-003
