  number of bodies, n =           16
  number of processes =            1
  maximum order of Maclaurin expansion, mo =           28
  Process            0  gets           16  bodies: from            1          16
  time-like interval [tmin,tmax] =    0.0000000000000000       0.50000000000000000     
  print interval, dtout =   -2.5000000000000001E-002
  absolute error limit on velocities, EV =    2.2204460492503131E-015
  diagnostics trigger, Diagnostics =  F
     1    18 0.35263343182604E-01 0.35263343182604E-01
     2    19 0.32208859392658E-01 0.67472202575263E-01
  number of bodies, n =           16
  number of processes =            1
  maximum order of Maclaurin expansion, mo =           28
  Process            0  gets           16  bodies: from            1          16
  time-like interval [tmin,tmax] =    0.0000000000000000       0.50000000000000000     
  print interval, dtout =   -2.5000000000000001E-002
  absolute error limit on velocities, EV =    2.2204460492503131E-015
  diagnostics trigger, Diagnostics =  F
     3    19 0.26264817250066E-01 0.93737019825329E-01
     4    19 0.21580007066192E-01 0.11531702689152    
     1    18 0.35263343182604E-01 0.35263343182604E-01
     5    19 0.17957253756789E-01 0.13327428064831    
     2    19 0.32208859392658E-01 0.67472202575263E-01
     6    19 0.15113004073843E-01 0.14838728472215    
     3    19 0.26264817250066E-01 0.93737019825329E-01
     7    19 0.12896638198333E-01 0.16128392292049    
     4    19 0.21580007066192E-01 0.11531702689152    
     5    19 0.17957253756789E-01 0.13327428064831    
     8    19 0.11228265349438E-01 0.17251218826992    
  number of bodies, n =           16
  number of processes =            1
  maximum order of Maclaurin expansion, mo =           28
  Process            0  gets           16  bodies: from            1          16
  time-like interval [tmin,tmax] =    0.0000000000000000       0.50000000000000000     
  print interval, dtout =   -2.5000000000000001E-002
  absolute error limit on velocities, EV =    2.2204460492503131E-015
  diagnostics trigger, Diagnostics =  F
     6    19 0.15113004073843E-01 0.14838728472215    
     9    19 0.99901329331283E-02 0.18250232120305    
     7    19 0.12896638198333E-01 0.16128392292049    
    10    20 0.99733231356926E-02 0.19247564433874    
     8    19 0.11228265349438E-01 0.17251218826992    
     1    18 0.35263343182604E-01 0.35263343182604E-01
    11    19 0.84918045870971E-02 0.20096744892584    
     9    19 0.99901329331283E-02 0.18250232120305    
    12    19 0.82166795851995E-02 0.20918412851104    
     2    19 0.32208859392658E-01 0.67472202575263E-01
  number of bodies, n =           16
  number of processes =            1
  maximum order of Maclaurin expansion, mo =           28
  Process            0  gets           16  bodies: from            1          16
    10    20 0.99733231356926E-02 0.19247564433874    
  time-like interval [tmin,tmax] =    0.0000000000000000       0.50000000000000000     
  print interval, dtout =   -2.5000000000000001E-002
  absolute error limit on velocities, EV =    2.2204460492503131E-015
  diagnostics trigger, Diagnostics =  F
    13    19 0.81882821697644E-02 0.21737241068081    
     3    19 0.26264817250066E-01 0.93737019825329E-01
    11    19 0.84918045870971E-02 0.20096744892584    
    14    19 0.83950531062416E-02 0.22576746378705    
     1    18 0.35263343182604E-01 0.35263343182604E-01
     4    19 0.21580007066192E-01 0.11531702689152    
    12    19 0.82166795851995E-02 0.20918412851104    
    15    19 0.88359081991218E-02 0.23460337198617    
     2    19 0.32208859392658E-01 0.67472202575263E-01
     5    19 0.17957253756789E-01 0.13327428064831    
    13    19 0.81882821697644E-02 0.21737241068081    
    16    20 0.10437846343287E-01 0.24504121832946    
     3    19 0.26264817250066E-01 0.93737019825329E-01
    14    19 0.83950531062416E-02 0.22576746378705    
     6    19 0.15113004073843E-01 0.14838728472215    
    17    20 0.11579804344861E-01 0.25662102267432    
     4    19 0.21580007066192E-01 0.11531702689152    
    15    19 0.88359081991218E-02 0.23460337198617    
     7    19 0.12896638198333E-01 0.16128392292049    
    18    20 0.13097195643146E-01 0.26971821831746    
     5    19 0.17957253756789E-01 0.13327428064831    
    16    20 0.10437846343287E-01 0.24504121832946    
     8    19 0.11228265349438E-01 0.17251218826992    
    19    19 0.13762089797720E-01 0.28348030811518    
     6    19 0.15113004073843E-01 0.14838728472215    
    17    20 0.11579804344861E-01 0.25662102267432    
     9    19 0.99901329331283E-02 0.18250232120305    
    20    19 0.15820479726916E-01 0.29930078784210    
     7    19 0.12896638198333E-01 0.16128392292049    
    18    20 0.13097195643146E-01 0.26971821831746    
    10    20 0.99733231356926E-02 0.19247564433874    
    21    19 0.18387016225089E-01 0.31768780406719    
    19    19 0.13762089797720E-01 0.28348030811518    
     8    19 0.11228265349438E-01 0.17251218826992    
    11    19 0.84918045870971E-02 0.20096744892584    
    22    19 0.21472613276414E-01 0.33916041734360    
    20    19 0.15820479726916E-01 0.29930078784210    
    12    19 0.82166795851995E-02 0.20918412851104    
     9    19 0.99901329331283E-02 0.18250232120305    
    23    19 0.25266761273479E-01 0.36442717861708    
    21    19 0.18387016225089E-01 0.31768780406719    
    13    19 0.81882821697644E-02 0.21737241068081    
    24    18 0.20368588909908E-01 0.38479576752699    
    10    20 0.99733231356926E-02 0.19247564433874    
    22    19 0.21472613276414E-01 0.33916041734360    
    14    19 0.83950531062416E-02 0.22576746378705    
    25    18 0.17375736271503E-01 0.40217150379849    
    23    19 0.25266761273479E-01 0.36442717861708    
    11    19 0.84918045870971E-02 0.20096744892584    
    15    19 0.88359081991218E-02 0.23460337198617    
    26    18 0.15148353023242E-01 0.41731985682173    
    24    18 0.20368588909908E-01 0.38479576752699    
    12    19 0.82166795851995E-02 0.20918412851104    
    16    20 0.10437846343287E-01 0.24504121832946    
    27    19 0.14834426510375E-01 0.43215428333211    
    25    18 0.17375736271503E-01 0.40217150379849    
  number of bodies, n =           16
  number of processes =            1
  maximum order of Maclaurin expansion, mo =           28
  Process            0  gets           16  bodies: from            1          16
  time-like interval [tmin,tmax] =    0.0000000000000000       0.50000000000000000     
  print interval, dtout =   -2.5000000000000001E-002
  absolute error limit on velocities, EV =    2.2204460492503131E-015
  diagnostics trigger, Diagnostics =  F
    13    19 0.81882821697644E-02 0.21737241068081    
    28    19 0.13475325495476E-01 0.44562960882759    
    17    20 0.11579804344861E-01 0.25662102267432    
    26    18 0.15148353023242E-01 0.41731985682173    
    14    19 0.83950531062416E-02 0.22576746378705    
    29    19 0.12687920672028E-01 0.45831752949961    
     1    18 0.35263343182604E-01 0.35263343182604E-01
    18    20 0.13097195643146E-01 0.26971821831746    
    27    19 0.14834426510375E-01 0.43215428333211    
    15    19 0.88359081991218E-02 0.23460337198617    
    30    18 0.11258078751902E-01 0.46957560825152    
     2    19 0.32208859392658E-01 0.67472202575263E-01
  number of bodies, n =           16
  number of processes =            1
  maximum order of Maclaurin expansion, mo =           28
  Process            0  gets           16  bodies: from            1          16
    19    19 0.13762089797720E-01 0.28348030811518    
  time-like interval [tmin,tmax] =    0.0000000000000000       0.50000000000000000     
  print interval, dtout =   -2.5000000000000001E-002
  absolute error limit on velocities, EV =    2.2204460492503131E-015
  diagnostics trigger, Diagnostics =  F
    28    19 0.13475325495476E-01 0.44562960882759    
    16    20 0.10437846343287E-01 0.24504121832946    
    31    18 0.11372208872560E-01 0.48094781712407    
     3    19 0.26264817250066E-01 0.93737019825329E-01
    20    19 0.15820479726916E-01 0.29930078784210    
    29    19 0.12687920672028E-01 0.45831752949961    
  number of bodies, n =           16
  number of processes =            1
  maximum order of Maclaurin expansion, mo =           28
  Process            0  gets           16  bodies: from            1          16
  time-like interval [tmin,tmax] =    0.0000000000000000       0.50000000000000000     
  print interval, dtout =   -2.5000000000000001E-002
  absolute error limit on velocities, EV =    2.2204460492503131E-015
  diagnostics trigger, Diagnostics =  F
    17    20 0.11579804344861E-01 0.25662102267432    
    32    19 0.13016409173520E-01 0.49396422629760    
  number of bodies, n =           16
  number of processes =            1
  maximum order of Maclaurin expansion, mo =           28
  Process            0  gets           16  bodies: from            1          16
  time-like interval [tmin,tmax] =    0.0000000000000000       0.50000000000000000     
  print interval, dtout =   -2.5000000000000001E-002
  absolute error limit on velocities, EV =    2.2204460492503131E-015
  diagnostics trigger, Diagnostics =  F
     1    18 0.35263343182604E-01 0.35263343182604E-01
    21    19 0.18387016225089E-01 0.31768780406719    
     4    19 0.21580007066192E-01 0.11531702689152    
    30    18 0.11258078751902E-01 0.46957560825152    
    18    20 0.13097195643146E-01 0.26971821831746    
     2    19 0.32208859392658E-01 0.67472202575263E-01
    33    19 0.60357737024049E-02 0.50000000000000    
    22    19 0.21472613276414E-01 0.33916041734360    
     5    19 0.17957253756789E-01 0.13327428064831    
  system time =    6.8761773407459259E-002
     1    18 0.35263343182604E-01 0.35263343182604E-01
    31    18 0.11372208872560E-01 0.48094781712407    
    23    19 0.25266761273479E-01 0.36442717861708    
     1    18 0.35263343182604E-01 0.35263343182604E-01
    19    19 0.13762089797720E-01 0.28348030811518    
     3    19 0.26264817250066E-01 0.93737019825329E-01
     6    19 0.15113004073843E-01 0.14838728472215    
    20    19 0.15820479726916E-01 0.29930078784210    
    24    18 0.20368588909908E-01 0.38479576752699    
     2    19 0.32208859392658E-01 0.67472202575263E-01
    32    19 0.13016409173520E-01 0.49396422629760    
     2    19 0.32208859392658E-01 0.67472202575263E-01
     7    19 0.12896638198333E-01 0.16128392292049    
     4    19 0.21580007066192E-01 0.11531702689152    
    21    19 0.18387016225089E-01 0.31768780406719    
    25    18 0.17375736271503E-01 0.40217150379849    
     3    19 0.26264817250066E-01 0.93737019825329E-01
     8    19 0.11228265349438E-01 0.17251218826992    
    33    19 0.60357737024049E-02 0.50000000000000    
     3    19 0.26264817250066E-01 0.93737019825329E-01
  system time =    6.7721134051680565E-002
    26    18 0.15148353023242E-01 0.41731985682173    
     5    19 0.17957253756789E-01 0.13327428064831    
    22    19 0.21472613276414E-01 0.33916041734360    
     4    19 0.21580007066192E-01 0.11531702689152    
     9    19 0.99901329331283E-02 0.18250232120305    
     4    19 0.21580007066192E-01 0.11531702689152    
    27    19 0.14834426510375E-01 0.43215428333211    
    23    19 0.25266761273479E-01 0.36442717861708    
     6    19 0.15113004073843E-01 0.14838728472215    
     5    19 0.17957253756789E-01 0.13327428064831    
    10    20 0.99733231356926E-02 0.19247564433874    
     5    19 0.17957253756789E-01 0.13327428064831    
    28    19 0.13475325495476E-01 0.44562960882759    
    24    18 0.20368588909908E-01 0.38479576752699    
     7    19 0.12896638198333E-01 0.16128392292049    
    11    19 0.84918045870971E-02 0.20096744892584    
     6    19 0.15113004073843E-01 0.14838728472215    
    25    18 0.17375736271503E-01 0.40217150379849    
    29    19 0.12687920672028E-01 0.45831752949961    
     6    19 0.15113004073843E-01 0.14838728472215    
     7    19 0.12896638198333E-01 0.16128392292049    
     8    19 0.11228265349438E-01 0.17251218826992    
    12    19 0.82166795851995E-02 0.20918412851104    
    26    18 0.15148353023242E-01 0.41731985682173    
    30    18 0.11258078751902E-01 0.46957560825152    
     8    19 0.11228265349438E-01 0.17251218826992    
     7    19 0.12896638198333E-01 0.16128392292049    
    13    19 0.81882821697644E-02 0.21737241068081    
     9    19 0.99901329331283E-02 0.18250232120305    
    27    19 0.14834426510375E-01 0.43215428333211    
    31    18 0.11372208872560E-01 0.48094781712407    
     9    19 0.99901329331283E-02 0.18250232120305    
    14    19 0.83950531062416E-02 0.22576746378705    
     8    19 0.11228265349438E-01 0.17251218826992    
    28    19 0.13475325495476E-01 0.44562960882759    
    32    19 0.13016409173520E-01 0.49396422629760    
    10    20 0.99733231356926E-02 0.19247564433874    
    10    20 0.99733231356926E-02 0.19247564433874    
    15    19 0.88359081991218E-02 0.23460337198617    
    29    19 0.12687920672028E-01 0.45831752949961    
     9    19 0.99901329331283E-02 0.18250232120305    
    33    19 0.60357737024049E-02 0.50000000000000    
    11    19 0.84918045870971E-02 0.20096744892584    
    11    19 0.84918045870971E-02 0.20096744892584    
  system time =    7.0587718859314919E-002
    16    20 0.10437846343287E-01 0.24504121832946    
    30    18 0.11258078751902E-01 0.46957560825152    
    10    20 0.99733231356926E-02 0.19247564433874    
    12    19 0.82166795851995E-02 0.20918412851104    
    17    20 0.11579804344861E-01 0.25662102267432    
    12    19 0.82166795851995E-02 0.20918412851104    
    31    18 0.11372208872560E-01 0.48094781712407    
    11    19 0.84918045870971E-02 0.20096744892584    
    13    19 0.81882821697644E-02 0.21737241068081    
    18    20 0.13097195643146E-01 0.26971821831746    
    32    19 0.13016409173520E-01 0.49396422629760    
    13    19 0.81882821697644E-02 0.21737241068081    
    14    19 0.83950531062416E-02 0.22576746378705    
    12    19 0.82166795851995E-02 0.20918412851104    
    19    19 0.13762089797720E-01 0.28348030811518    
    33    19 0.60357737024049E-02 0.50000000000000    
    14    19 0.83950531062416E-02 0.22576746378705    
  system time =    6.9641999900341034E-002
    15    19 0.88359081991218E-02 0.23460337198617    
    20    19 0.15820479726916E-01 0.29930078784210    
    13    19 0.81882821697644E-02 0.21737241068081    
    15    19 0.88359081991218E-02 0.23460337198617    
    16    20 0.10437846343287E-01 0.24504121832946    
    21    19 0.18387016225089E-01 0.31768780406719    
    14    19 0.83950531062416E-02 0.22576746378705    
    17    20 0.11579804344861E-01 0.25662102267432    
    22    19 0.21472613276414E-01 0.33916041734360    
    16    20 0.10437846343287E-01 0.24504121832946    
    15    19 0.88359081991218E-02 0.23460337198617    
    18    20 0.13097195643146E-01 0.26971821831746    
    23    19 0.25266761273479E-01 0.36442717861708    
    17    20 0.11579804344861E-01 0.25662102267432    
    19    19 0.13762089797720E-01 0.28348030811518    
    24    18 0.20368588909908E-01 0.38479576752699    
    16    20 0.10437846343287E-01 0.24504121832946    
    18    20 0.13097195643146E-01 0.26971821831746    
    20    19 0.15820479726916E-01 0.29930078784210    
    25    18 0.17375736271503E-01 0.40217150379849    
    17    20 0.11579804344861E-01 0.25662102267432    
    21    19 0.18387016225089E-01 0.31768780406719    
    26    18 0.15148353023242E-01 0.41731985682173    
    19    19 0.13762089797720E-01 0.28348030811518    
    22    19 0.21472613276414E-01 0.33916041734360    
    18    20 0.13097195643146E-01 0.26971821831746    
    27    19 0.14834426510375E-01 0.43215428333211    
    20    19 0.15820479726916E-01 0.29930078784210    
    23    19 0.25266761273479E-01 0.36442717861708    
    28    19 0.13475325495476E-01 0.44562960882759    
    19    19 0.13762089797720E-01 0.28348030811518    
    24    18 0.20368588909908E-01 0.38479576752699    
    21    19 0.18387016225089E-01 0.31768780406719    
    29    19 0.12687920672028E-01 0.45831752949961    
    20    19 0.15820479726916E-01 0.29930078784210    
    25    18 0.17375736271503E-01 0.40217150379849    
    30    18 0.11258078751902E-01 0.46957560825152    
    22    19 0.21472613276414E-01 0.33916041734360    
    26    18 0.15148353023242E-01 0.41731985682173    
    21    19 0.18387016225089E-01 0.31768780406719    
    31    18 0.11372208872560E-01 0.48094781712407    
    23    19 0.25266761273479E-01 0.36442717861708    
    27    19 0.14834426510375E-01 0.43215428333211    
    32    19 0.13016409173520E-01 0.49396422629760    
    22    19 0.21472613276414E-01 0.33916041734360    
    24    18 0.20368588909908E-01 0.38479576752699    
    28    19 0.13475325495476E-01 0.44562960882759    
    33    19 0.60357737024049E-02 0.50000000000000    
  system time =    6.6861325874924660E-002
    23    19 0.25266761273479E-01 0.36442717861708    
    29    19 0.12687920672028E-01 0.45831752949961    
    25    18 0.17375736271503E-01 0.40217150379849    
    24    18 0.20368588909908E-01 0.38479576752699    
    30    18 0.11258078751902E-01 0.46957560825152    
    26    18 0.15148353023242E-01 0.41731985682173    
    31    18 0.11372208872560E-01 0.48094781712407    
    25    18 0.17375736271503E-01 0.40217150379849    
    27    19 0.14834426510375E-01 0.43215428333211    
    32    19 0.13016409173520E-01 0.49396422629760    
    26    18 0.15148353023242E-01 0.41731985682173    
    28    19 0.13475325495476E-01 0.44562960882759    
    33    19 0.60357737024049E-02 0.50000000000000    
  system time =    6.6376250237226486E-002
    27    19 0.14834426510375E-01 0.43215428333211    
    29    19 0.12687920672028E-01 0.45831752949961    
    28    19 0.13475325495476E-01 0.44562960882759    
    30    18 0.11258078751902E-01 0.46957560825152    
    29    19 0.12687920672028E-01 0.45831752949961    
    31    18 0.11372208872560E-01 0.48094781712407    
    30    18 0.11258078751902E-01 0.46957560825152    
    32    19 0.13016409173520E-01 0.49396422629760    
    31    18 0.11372208872560E-01 0.48094781712407    
    33    19 0.60357737024049E-02 0.50000000000000    
  system time =    8.0653322860598564E-002
    32    19 0.13016409173520E-01 0.49396422629760    
    33    19 0.60357737024049E-02 0.50000000000000    
  system time =    7.9578593373298645E-002
