  number of bodies, n =            8
  number of processes =            1
  maximum order of Maclaurin expansion, mo =           28
  Process            0  gets            8  bodies: from            1           8
  time-like interval [tmin,tmax] =    0.0000000000000000       0.50000000000000000     
  print interval, dtout =   -2.5000000000000001E-002
  absolute error limit on velocities, EV =    2.2204460492503131E-015
  diagnostics trigger, Diagnostics =  F
     1    15 0.49575436988969E-01 0.49575436988969E-01
     2    17 0.65154906089158E-01 0.11473034307813    
     3    17 0.65565086314146E-01 0.18029542939227    
  number of bodies, n =            8
  number of processes =            1
  maximum order of Maclaurin expansion, mo =           28
  Process            0  gets            8  bodies: from            1           8
  time-like interval [tmin,tmax] =    0.0000000000000000       0.50000000000000000     
  print interval, dtout =   -2.5000000000000001E-002
  absolute error limit on velocities, EV =    2.2204460492503131E-015
  diagnostics trigger, Diagnostics =  F
     4    17 0.68227246111525E-01 0.24852267550380    
     5    17 0.73418901211566E-01 0.32194157671536    
     1    15 0.49575436988969E-01 0.49575436988969E-01
     6    20 0.10106007357641     0.42300165029178    
     2    17 0.65154906089158E-01 0.11473034307813    
     7    17 0.74332656905685E-01 0.49733430719746    
     3    17 0.65565086314146E-01 0.18029542939227    
     8    17 0.26656928025350E-02 0.50000000000000    
     4    17 0.68227246111525E-01 0.24852267550380    
  system time =    8.7583474814891815E-003
     5    17 0.73418901211566E-01 0.32194157671536    
     6    20 0.10106007357641     0.42300165029178    
     7    17 0.74332656905685E-01 0.49733430719746    
     8    17 0.26656928025350E-02 0.50000000000000    
  system time =    7.9166144132614136E-003
